<?xml version="1.0" encoding="UTF-8" ?>
<testsuites name="vitest tests" tests="1089" failures="1" errors="0" time="154.501963858">
    <testsuite name="src/core/parsers/__tests__/plan-parser.test.ts" timestamp="2026-03-19T19:16:47.342Z" hostname="LAPTOP-MKMEMDEH" tests="17" failures="0" errors="0" skipped="0" time="0.031116462">
        <testcase classname="src/core/parsers/__tests__/plan-parser.test.ts" name="Plan Parser &gt; Tasks &gt; parses done and planned checkboxes" time="0.007040846">
        </testcase>
        <testcase classname="src/core/parsers/__tests__/plan-parser.test.ts" name="Plan Parser &gt; Tasks &gt; detects sub-tasks by indentation" time="0.000811865">
        </testcase>
        <testcase classname="src/core/parsers/__tests__/plan-parser.test.ts" name="Plan Parser &gt; Tasks &gt; extracts cross-references from backtick file paths" time="0.001084494">
        </testcase>
        <testcase classname="src/core/parsers/__tests__/plan-parser.test.ts" name="Plan Parser &gt; Tasks &gt; extracts cross-references from backtick function names" time="0.002649095">
        </testcase>
        <testcase classname="src/core/parsers/__tests__/plan-parser.test.ts" name="Plan Parser &gt; Milestones &gt; parses milestone with done emoji" time="0.001570243">
        </testcase>
        <testcase classname="src/core/parsers/__tests__/plan-parser.test.ts" name="Plan Parser &gt; Milestones &gt; parses milestone with in-progress emoji" time="0.000605508">
        </testcase>
        <testcase classname="src/core/parsers/__tests__/plan-parser.test.ts" name="Plan Parser &gt; Milestones &gt; parses milestone with no emoji as planned" time="0.000557761">
        </testcase>
        <testcase classname="src/core/parsers/__tests__/plan-parser.test.ts" name="Plan Parser &gt; Milestones &gt; captures spec text between milestone header and first task" time="0.000568191">
        </testcase>
        <testcase classname="src/core/parsers/__tests__/plan-parser.test.ts" name="Plan Parser &gt; Decisions &gt; parses 3-column decision table" time="0.009386827">
        </testcase>
        <testcase classname="src/core/parsers/__tests__/plan-parser.test.ts" name="Plan Parser &gt; Decisions &gt; parses 2-column decision table (rationale optional)" time="0.000611877">
        </testcase>
        <testcase classname="src/core/parsers/__tests__/plan-parser.test.ts" name="Plan Parser &gt; Decisions &gt; ignores decisions outside decision-titled sections" time="0.001228882">
        </testcase>
        <testcase classname="src/core/parsers/__tests__/plan-parser.test.ts" name="Plan Parser &gt; Dependencies &gt; parses DEPENDS_ON directive" time="0.000347226">
        </testcase>
        <testcase classname="src/core/parsers/__tests__/plan-parser.test.ts" name="Plan Parser &gt; Dependencies &gt; parses DEPENDS_ON with colon" time="0.00026721">
        </testcase>
        <testcase classname="src/core/parsers/__tests__/plan-parser.test.ts" name="Plan Parser &gt; NO_CODE_EVIDENCE_OK &gt; parses inline NO_CODE_EVIDENCE_OK from checkbox text" time="0.000268974">
        </testcase>
        <testcase classname="src/core/parsers/__tests__/plan-parser.test.ts" name="Plan Parser &gt; NO_CODE_EVIDENCE_OK &gt; does not set noCodeEvidenceOK when directive is absent" time="0.000336418">
        </testcase>
        <testcase classname="src/core/parsers/__tests__/plan-parser.test.ts" name="Plan Parser &gt; NO_CODE_EVIDENCE_OK &gt; parses NO_CODE_EVIDENCE_OK with multi-word reason" time="0.000233962">
        </testcase>
        <testcase classname="src/core/parsers/__tests__/plan-parser.test.ts" name="Plan Parser &gt; Stats &gt; counts tasks, milestones, and decisions correctly" time="0.000471404">
        </testcase>
    </testsuite>
    <testsuite name="src/core/test-harness/__tests__/ephemeral-graph.test.ts" timestamp="2026-03-19T19:16:47.349Z" hostname="LAPTOP-MKMEMDEH" tests="8" failures="0" errors="0" skipped="0" time="2.561312052">
        <testcase classname="src/core/test-harness/__tests__/ephemeral-graph.test.ts" name="Ephemeral Graph Runtime &gt; creates ephemeral runtime with unique projectId" time="0.102416488">
        </testcase>
        <testcase classname="src/core/test-harness/__tests__/ephemeral-graph.test.ts" name="Ephemeral Graph Runtime &gt; two runtimes get different projectIds" time="0.154527703">
        </testcase>
        <testcase classname="src/core/test-harness/__tests__/ephemeral-graph.test.ts" name="Ephemeral Graph Runtime &gt; seed code graph fixture and verify stats" time="0.286749866">
        </testcase>
        <testcase classname="src/core/test-harness/__tests__/ephemeral-graph.test.ts" name="Ephemeral Graph Runtime &gt; seed plan graph fixture" time="0.521173412">
        </testcase>
        <testcase classname="src/core/test-harness/__tests__/ephemeral-graph.test.ts" name="Ephemeral Graph Runtime &gt; teardown removes all test data" time="0.45697121">
        </testcase>
        <testcase classname="src/core/test-harness/__tests__/ephemeral-graph.test.ts" name="Ephemeral Graph Runtime &gt; isolation: two runtimes dont see each others data" time="0.506646593">
        </testcase>
        <testcase classname="src/core/test-harness/__tests__/ephemeral-graph.test.ts" name="Ephemeral Graph Runtime &gt; run() executes arbitrary Cypher scoped by projectId" time="0.255527606">
        </testcase>
        <testcase classname="src/core/test-harness/__tests__/ephemeral-graph.test.ts" name="Ephemeral Graph Runtime &gt; production data is untouched" time="0.270467779">
        </testcase>
    </testsuite>
    <testsuite name="src/core/test-harness/__tests__/hermetic-env.test.ts" timestamp="2026-03-19T19:16:47.352Z" hostname="LAPTOP-MKMEMDEH" tests="8" failures="0" errors="0" skipped="0" time="0.01002327">
        <testcase classname="src/core/test-harness/__tests__/hermetic-env.test.ts" name="Hermetic Environment &gt; frozen clock returns fixed time" time="0.00286916">
        </testcase>
        <testcase classname="src/core/test-harness/__tests__/hermetic-env.test.ts" name="Hermetic Environment &gt; advance clock moves time forward" time="0.000964027">
        </testcase>
        <testcase classname="src/core/test-harness/__tests__/hermetic-env.test.ts" name="Hermetic Environment &gt; restore clock returns to real time" time="0.000481272">
        </testcase>
        <testcase classname="src/core/test-harness/__tests__/hermetic-env.test.ts" name="Hermetic Environment &gt; seeded RNG is deterministic" time="0.000835845">
        </testcase>
        <testcase classname="src/core/test-harness/__tests__/hermetic-env.test.ts" name="Hermetic Environment &gt; different seeds produce different sequences" time="0.000990848">
        </testcase>
        <testcase classname="src/core/test-harness/__tests__/hermetic-env.test.ts" name="Hermetic Environment &gt; Math.random override works" time="0.000393821">
        </testcase>
        <testcase classname="src/core/test-harness/__tests__/hermetic-env.test.ts" name="Hermetic Environment &gt; setupHermeticEnv freezes everything" time="0.001027042">
        </testcase>
        <testcase classname="src/core/test-harness/__tests__/hermetic-env.test.ts" name="Hermetic Environment &gt; provenance output has correct shape" time="0.00052112">
        </testcase>
    </testsuite>
    <testsuite name="src/core/test-harness/__tests__/network-guard.test.ts" timestamp="2026-03-19T19:16:47.355Z" hostname="LAPTOP-MKMEMDEH" tests="7" failures="0" errors="0" skipped="0" time="0.035338598">
        <testcase classname="src/core/test-harness/__tests__/network-guard.test.ts" name="Network Guard &gt; blocks external connections" time="0.008172494">
        </testcase>
        <testcase classname="src/core/test-harness/__tests__/network-guard.test.ts" name="Network Guard &gt; allows localhost Neo4j bolt (7687)" time="0.011756885">
        </testcase>
        <testcase classname="src/core/test-harness/__tests__/network-guard.test.ts" name="Network Guard &gt; allows 127.0.0.1 Neo4j HTTP (7474)" time="0.002028514">
        </testcase>
        <testcase classname="src/core/test-harness/__tests__/network-guard.test.ts" name="Network Guard &gt; blocks localhost on non-whitelisted port" time="0.002088005">
        </testcase>
        <testcase classname="src/core/test-harness/__tests__/network-guard.test.ts" name="Network Guard &gt; records blocked attempts" time="0.003084079">
        </testcase>
        <testcase classname="src/core/test-harness/__tests__/network-guard.test.ts" name="Network Guard &gt; unblock restores connections" time="0.003614543">
        </testcase>
        <testcase classname="src/core/test-harness/__tests__/network-guard.test.ts" name="Network Guard &gt; custom allowed hosts/ports" time="0.002348547">
        </testcase>
    </testsuite>
    <testsuite name="src/core/test-harness/__tests__/replay.test.ts" timestamp="2026-03-19T19:16:47.358Z" hostname="LAPTOP-MKMEMDEH" tests="5" failures="0" errors="0" skipped="0" time="0.829613333">
        <testcase classname="src/core/test-harness/__tests__/replay.test.ts" name="Deterministic Replay &gt; setupReplay creates hermetic env + graph" time="0.214281564">
        </testcase>
        <testcase classname="src/core/test-harness/__tests__/replay.test.ts" name="Deterministic Replay &gt; replay from packet reproduces identical state" time="0.001669848">
        </testcase>
        <testcase classname="src/core/test-harness/__tests__/replay.test.ts" name="Deterministic Replay &gt; save and load replay packet" time="0.00363976">
        </testcase>
        <testcase classname="src/core/test-harness/__tests__/replay.test.ts" name="Deterministic Replay &gt; digest verification" time="0.001032337">
        </testcase>
        <testcase classname="src/core/test-harness/__tests__/replay.test.ts" name="Deterministic Replay &gt; replay with fixture reproduces graph state" time="0.602650707">
        </testcase>
    </testsuite>
    <testsuite name="src/core/test-harness/__tests__/snapshot-digest.test.ts" timestamp="2026-03-19T19:16:47.360Z" hostname="LAPTOP-MKMEMDEH" tests="5" failures="0" errors="0" skipped="0" time="3.779374867">
        <testcase classname="src/core/test-harness/__tests__/snapshot-digest.test.ts" name="Snapshot Digest &gt; snapshot captures nodes and edges" time="0.640435705">
        </testcase>
        <testcase classname="src/core/test-harness/__tests__/snapshot-digest.test.ts" name="Snapshot Digest &gt; same fixture produces same digest" time="1.488843499">
        </testcase>
        <testcase classname="src/core/test-harness/__tests__/snapshot-digest.test.ts" name="Snapshot Digest &gt; different fixtures produce different digests" time="0.467972029">
        </testcase>
        <testcase classname="src/core/test-harness/__tests__/snapshot-digest.test.ts" name="Snapshot Digest &gt; assertDeterministic passes on match" time="0.502550825">
        </testcase>
        <testcase classname="src/core/test-harness/__tests__/snapshot-digest.test.ts" name="Snapshot Digest &gt; assertDeterministic throws on mismatch" time="0.676336428">
        </testcase>
    </testsuite>
    <testsuite name="src/core/test-harness/__tests__/structural-constraints.test.ts" timestamp="2026-03-19T19:16:47.362Z" hostname="LAPTOP-MKMEMDEH" tests="9" failures="1" errors="0" skipped="0" time="2.563416709">
        <testcase classname="src/core/test-harness/__tests__/structural-constraints.test.ts" name="Structural Constraints + Micro Fixtures &gt; Code Fixtures &gt; SINGLE_FUNCTION fixture seeds correctly" time="0.388712927">
        </testcase>
        <testcase classname="src/core/test-harness/__tests__/structural-constraints.test.ts" name="Structural Constraints + Micro Fixtures &gt; Code Fixtures &gt; CROSS_FILE_CALL fixture has correct structure" time="0.355468543">
        </testcase>
        <testcase classname="src/core/test-harness/__tests__/structural-constraints.test.ts" name="Structural Constraints + Micro Fixtures &gt; Code Fixtures &gt; HIGH_RISK_HUB fixture: hub has 3 callers" time="0.37509426">
        </testcase>
        <testcase classname="src/core/test-harness/__tests__/structural-constraints.test.ts" name="Structural Constraints + Micro Fixtures &gt; Code Fixtures &gt; STATEFUL_CLASS fixture: state read/write edges" time="0.353507233">
        </testcase>
        <testcase classname="src/core/test-harness/__tests__/structural-constraints.test.ts" name="Structural Constraints + Micro Fixtures &gt; Plan Fixtures &gt; SIMPLE_PLAN fixture: dependency chain" time="0.245965428">
        </testcase>
        <testcase classname="src/core/test-harness/__tests__/structural-constraints.test.ts" name="Structural Constraints + Micro Fixtures &gt; Plan Fixtures &gt; PLAN_WITH_DRIFT fixture: drift detection query" time="0.261701225">
        </testcase>
        <testcase classname="src/core/test-harness/__tests__/structural-constraints.test.ts" name="Structural Constraints + Micro Fixtures &gt; Plan Fixtures &gt; BLOCKED_CHAIN fixture: transitive blocking" time="0.257398376">
        </testcase>
        <testcase classname="src/core/test-harness/__tests__/structural-constraints.test.ts" name="Structural Constraints + Micro Fixtures &gt; Structural Constraints &gt; applyConstraints creates constraints" time="0.095667507">
        </testcase>
        <testcase classname="src/core/test-harness/__tests__/structural-constraints.test.ts" name="Structural Constraints + Micro Fixtures &gt; Structural Constraints &gt; checkStructuralIntegrity passes on clean fixture" time="0.22546286">
            <failure message="expected false to be true // Object.is equality" type="AssertionError">
AssertionError: expected false to be true // Object.is equality

- Expected
+ Received

- true
+ false

 ❯ src/core/test-harness/__tests__/structural-constraints.test.ts:125:29
            </failure>
        </testcase>
    </testsuite>
    <testsuite name="src/core/verification/__tests__/exception-gate.spec-test.ts" timestamp="2026-03-19T19:16:47.367Z" hostname="LAPTOP-MKMEMDEH" tests="32" failures="0" errors="0" skipped="0" time="11.778625298">
        <testcase classname="src/core/verification/__tests__/exception-gate.spec-test.ts" name="Exception Enforcement + Advisory Gate — Spec Contract Tests &gt; Exception Enforcement — Waiver Policy (Section 8) &gt; should require dual approval for safety_critical waivers" time="0.219591845">
        </testcase>
        <testcase classname="src/core/verification/__tests__/exception-gate.spec-test.ts" name="Exception Enforcement + Advisory Gate — Spec Contract Tests &gt; Exception Enforcement — Waiver Policy (Section 8) &gt; should require expiry for safety_critical waivers" time="0.168315227">
        </testcase>
        <testcase classname="src/core/verification/__tests__/exception-gate.spec-test.ts" name="Exception Enforcement + Advisory Gate — Spec Contract Tests &gt; Exception Enforcement — Waiver Policy (Section 8) &gt; should allow safety_critical waiver with dual approval AND expiry" time="0.143767538">
        </testcase>
        <testcase classname="src/core/verification/__tests__/exception-gate.spec-test.ts" name="Exception Enforcement + Advisory Gate — Spec Contract Tests &gt; Exception Enforcement — Waiver Policy (Section 8) &gt; should detect and flag expired waivers" time="0.279367658">
        </testcase>
        <testcase classname="src/core/verification/__tests__/exception-gate.spec-test.ts" name="Exception Enforcement + Advisory Gate — Spec Contract Tests &gt; Exception Enforcement — Waiver Policy (Section 8) &gt; should flag waivers missing ticketRef" time="1.145182069">
        </testcase>
        <testcase classname="src/core/verification/__tests__/exception-gate.spec-test.ts" name="Exception Enforcement + Advisory Gate — Spec Contract Tests &gt; Exception Enforcement — Waiver Policy (Section 8) &gt; should allow single-approval waivers for non-safety_critical items" time="1.434216223">
        </testcase>
        <testcase classname="src/core/verification/__tests__/exception-gate.spec-test.ts" name="Exception Enforcement + Advisory Gate — Spec Contract Tests &gt; Exception Enforcement — Truth vs Gate Separation (Section 8) &gt; should preserve truth status as violates even when waived" time="1.490125787">
        </testcase>
        <testcase classname="src/core/verification/__tests__/exception-gate.spec-test.ts" name="Exception Enforcement + Advisory Gate — Spec Contract Tests &gt; Exception Enforcement — Truth vs Gate Separation (Section 8) &gt; should flag truth separation violation when waiver targets non-violating finding" time="0.443610428">
        </testcase>
        <testcase classname="src/core/verification/__tests__/exception-gate.spec-test.ts" name="Exception Enforcement + Advisory Gate — Spec Contract Tests &gt; Advisory Gate — Gate Levels (Section 8) &gt; should produce fail result for safety_critical violations" time="0.264505412">
        </testcase>
        <testcase classname="src/core/verification/__tests__/exception-gate.spec-test.ts" name="Exception Enforcement + Advisory Gate — Spec Contract Tests &gt; Advisory Gate — Gate Levels (Section 8) &gt; should produce warn result for high criticality unknown status" time="0.25710721">
        </testcase>
        <testcase classname="src/core/verification/__tests__/exception-gate.spec-test.ts" name="Exception Enforcement + Advisory Gate — Spec Contract Tests &gt; Advisory Gate — Gate Levels (Section 8) &gt; should produce pass result for low/medium satisfies" time="0.274773756">
        </testcase>
        <testcase classname="src/core/verification/__tests__/exception-gate.spec-test.ts" name="Exception Enforcement + Advisory Gate — Spec Contract Tests &gt; Advisory Gate — Decision Metadata (Section 8, Week 5) &gt; should produce deterministic decisionHash for same inputs" time="1.01327979">
        </testcase>
        <testcase classname="src/core/verification/__tests__/exception-gate.spec-test.ts" name="Exception Enforcement + Advisory Gate — Spec Contract Tests &gt; Advisory Gate — Decision Metadata (Section 8, Week 5) &gt; should persist externalContextSnapshotRef on gate decisions" time="0.356444161">
        </testcase>
        <testcase classname="src/core/verification/__tests__/exception-gate.spec-test.ts" name="Exception Enforcement + Advisory Gate — Spec Contract Tests &gt; Advisory Gate — Decision Metadata (Section 8, Week 5) &gt; should persist policyBundleId on gate decisions" time="0.383211534">
        </testcase>
        <testcase classname="src/core/verification/__tests__/exception-gate.spec-test.ts" name="Exception Enforcement + Advisory Gate — Spec Contract Tests &gt; Advisory Gate — Policy Modes (Section 8) &gt; should return advisory outcomes, not blocking status" time="0.251780036">
        </testcase>
        <testcase classname="src/core/verification/__tests__/exception-gate.spec-test.ts" name="Exception Enforcement + Advisory Gate — Spec Contract Tests &gt; Advisory Gate — Policy Modes (Section 8) &gt; should use default policyBundleId when not specified" time="0.408808272">
        </testcase>
        <testcase classname="src/core/verification/__tests__/exception-gate.spec-test.ts" name="Exception Enforcement + Advisory Gate — Implementation Edge Cases &gt; Exception Enforcement — Zero State Handling &gt; should return all zeros when no AdjudicationRecords exist" time="0.132165838">
        </testcase>
        <testcase classname="src/core/verification/__tests__/exception-gate.spec-test.ts" name="Exception Enforcement + Advisory Gate — Implementation Edge Cases &gt; Exception Enforcement — Zero State Handling &gt; should handle AdjudicationRecord without ADJUDICATES edge" time="0.124813843">
        </testcase>
        <testcase classname="src/core/verification/__tests__/exception-gate.spec-test.ts" name="Exception Enforcement + Advisory Gate — Implementation Edge Cases &gt; Exception Enforcement — Zero State Handling &gt; should handle VerificationRun with null criticality" time="0.136462133">
        </testcase>
        <testcase classname="src/core/verification/__tests__/exception-gate.spec-test.ts" name="Exception Enforcement + Advisory Gate — Implementation Edge Cases &gt; Exception Enforcement — Approval Mode Variations &gt; should treat empty string approvalMode as missing" time="0.167048348">
        </testcase>
        <testcase classname="src/core/verification/__tests__/exception-gate.spec-test.ts" name="Exception Enforcement + Advisory Gate — Implementation Edge Cases &gt; Exception Enforcement — Approval Mode Variations &gt; should check approvalMode not approver identity for dual requirement" time="0.24398429">
        </testcase>
        <testcase classname="src/core/verification/__tests__/exception-gate.spec-test.ts" name="Exception Enforcement + Advisory Gate — Implementation Edge Cases &gt; Advisory Gate — Zero State Handling &gt; should return zeros when no VerificationRun nodes exist" time="0.097063227">
        </testcase>
        <testcase classname="src/core/verification/__tests__/exception-gate.spec-test.ts" name="Exception Enforcement + Advisory Gate — Implementation Edge Cases &gt; Advisory Gate — Zero State Handling &gt; should skip VerificationRun with empty id" time="0.121978904">
        </testcase>
        <testcase classname="src/core/verification/__tests__/exception-gate.spec-test.ts" name="Exception Enforcement + Advisory Gate — Implementation Edge Cases &gt; Advisory Gate — policyBundleId Handling &gt; should default policyBundleId to verification-gate-policy-v1" time="0.213016742">
        </testcase>
        <testcase classname="src/core/verification/__tests__/exception-gate.spec-test.ts" name="Exception Enforcement + Advisory Gate — Implementation Edge Cases &gt; Advisory Gate — policyBundleId Handling &gt; should use default when policyBundleId is undefined" time="0.198076393">
        </testcase>
        <testcase classname="src/core/verification/__tests__/exception-gate.spec-test.ts" name="Exception Enforcement + Advisory Gate — Implementation Edge Cases &gt; Advisory Gate — Decision Hash Stability &gt; should include evaluatedAt in hash (non-stable across time)" time="0.450617727">
        </testcase>
        <testcase classname="src/core/verification/__tests__/exception-gate.spec-test.ts" name="Exception Enforcement + Advisory Gate — Implementation Edge Cases &gt; Advisory Gate — Gate Level Transitions &gt; should only produce advisory_* outcomes, never blocking outcomes" time="0.178180551">
        </testcase>
        <testcase classname="src/core/verification/__tests__/exception-gate.spec-test.ts" name="Exception Enforcement + Advisory Gate — Implementation Edge Cases &gt; Advisory Gate — Gate Level Transitions &gt; should escalate severity for non-compliant waivers but remain advisory" time="0.29294711">
        </testcase>
        <testcase classname="src/core/verification/__tests__/exception-gate.spec-test.ts" name="Exception Enforcement + Advisory Gate — Implementation Edge Cases &gt; Advisory Gate — Input Requirements &gt; should function without calibration or anti-gaming inputs" time="0.166744067">
        </testcase>
        <testcase classname="src/core/verification/__tests__/exception-gate.spec-test.ts" name="Exception Enforcement + Advisory Gate — Implementation Edge Cases &gt; Advisory Gate — Input Requirements &gt; should skip exception enforcement when runExceptionPolicyFirst is false" time="0.176671091">
        </testcase>
        <testcase classname="src/core/verification/__tests__/exception-gate.spec-test.ts" name="Exception Enforcement + Advisory Gate — Implementation Edge Cases &gt; Advisory Gate — Node Creation &gt; should create AdvisoryGateDecision nodes with CodeNode label" time="0.162809435">
        </testcase>
        <testcase classname="src/core/verification/__tests__/exception-gate.spec-test.ts" name="Exception Enforcement + Advisory Gate — Implementation Edge Cases &gt; Advisory Gate — Node Creation &gt; should create ADVISES_ON edge linking decision to run" time="0.152815267">
        </testcase>
    </testsuite>
    <testsuite name="src/core/verification/__tests__/pilot-thresholds.spec-test.ts" timestamp="2026-03-19T19:16:47.378Z" hostname="LAPTOP-MKMEMDEH" tests="45" failures="0" errors="0" skipped="0" time="12.236451629">
        <testcase classname="src/core/verification/__tests__/pilot-thresholds.spec-test.ts" name="Pilot Invariants + VG-5 Thresholds — Spec Contract Tests &gt; Invariant 1: Materialization Idempotency &gt; should detect duplicate node IDs as violation" time="0.274315633">
        </testcase>
        <testcase classname="src/core/verification/__tests__/pilot-thresholds.spec-test.ts" name="Pilot Invariants + VG-5 Thresholds — Spec Contract Tests &gt; Invariant 1: Materialization Idempotency &gt; should pass when no duplicates exist" time="0.230586406">
        </testcase>
        <testcase classname="src/core/verification/__tests__/pilot-thresholds.spec-test.ts" name="Pilot Invariants + VG-5 Thresholds — Spec Contract Tests &gt; Invariant 1: Materialization Idempotency &gt; should verify node counts remain stable across re-materialization" time="0.272465534">
        </testcase>
        <testcase classname="src/core/verification/__tests__/pilot-thresholds.spec-test.ts" name="Pilot Invariants + VG-5 Thresholds — Spec Contract Tests &gt; Invariant 2: Project-Scope Integrity &gt; should detect cross-project edge violations" time="1.303522829">
        </testcase>
        <testcase classname="src/core/verification/__tests__/pilot-thresholds.spec-test.ts" name="Pilot Invariants + VG-5 Thresholds — Spec Contract Tests &gt; Invariant 2: Project-Scope Integrity &gt; should pass when all edges are within project scope" time="0.72319447">
        </testcase>
        <testcase classname="src/core/verification/__tests__/pilot-thresholds.spec-test.ts" name="Pilot Invariants + VG-5 Thresholds — Spec Contract Tests &gt; Invariant 3: Edge Type Fidelity (originalEdgeType) &gt; should detect when originalEdgeType is not preserved" time="0.713093863">
        </testcase>
        <testcase classname="src/core/verification/__tests__/pilot-thresholds.spec-test.ts" name="Pilot Invariants + VG-5 Thresholds — Spec Contract Tests &gt; Invariant 3: Edge Type Fidelity (originalEdgeType) &gt; should pass when edge type matches originalEdgeType" time="1.061138796">
        </testcase>
        <testcase classname="src/core/verification/__tests__/pilot-thresholds.spec-test.ts" name="Pilot Invariants + VG-5 Thresholds — Spec Contract Tests &gt; Invariant 4: Deterministic Clear-and-Rebuild &gt; should produce identical counts across clear-and-rebuild cycles" time="0.639109284">
        </testcase>
        <testcase classname="src/core/verification/__tests__/pilot-thresholds.spec-test.ts" name="Pilot Invariants + VG-5 Thresholds — Spec Contract Tests &gt; Invariant 5: No Orphan Relationship Writes &gt; should detect orphan edges (edges referencing non-existent nodes)" time="0.247093815">
        </testcase>
        <testcase classname="src/core/verification/__tests__/pilot-thresholds.spec-test.ts" name="Pilot Invariants + VG-5 Thresholds — Spec Contract Tests &gt; Invariant 5: No Orphan Relationship Writes &gt; should pass when all edges have valid endpoints" time="0.249546172">
        </testcase>
        <testcase classname="src/core/verification/__tests__/pilot-thresholds.spec-test.ts" name="Pilot Invariants + VG-5 Thresholds — Spec Contract Tests &gt; InvariantProof Node Requirements &gt; should create InvariantProof with required fields" time="0.263943603">
        </testcase>
        <testcase classname="src/core/verification/__tests__/pilot-thresholds.spec-test.ts" name="Pilot Invariants + VG-5 Thresholds — Spec Contract Tests &gt; InvariantProof Node Requirements &gt; should be idempotent (MERGE not CREATE)" time="0.274956811">
        </testcase>
        <testcase classname="src/core/verification/__tests__/pilot-thresholds.spec-test.ts" name="Pilot Invariants + VG-5 Thresholds — Spec Contract Tests &gt; VG-5 Threshold Requirements &gt; False Positive Rate ≤ 10% &gt; should pass when FP rate is 0%" time="0.106017829">
        </testcase>
        <testcase classname="src/core/verification/__tests__/pilot-thresholds.spec-test.ts" name="Pilot Invariants + VG-5 Thresholds — Spec Contract Tests &gt; VG-5 Threshold Requirements &gt; False Positive Rate ≤ 10% &gt; should pass when FP rate is exactly 10%" time="0.128102815">
        </testcase>
        <testcase classname="src/core/verification/__tests__/pilot-thresholds.spec-test.ts" name="Pilot Invariants + VG-5 Thresholds — Spec Contract Tests &gt; VG-5 Threshold Requirements &gt; False Positive Rate ≤ 10% &gt; should fail when FP rate exceeds 10%" time="0.228222798">
        </testcase>
        <testcase classname="src/core/verification/__tests__/pilot-thresholds.spec-test.ts" name="Pilot Invariants + VG-5 Thresholds — Spec Contract Tests &gt; VG-5 Threshold Requirements &gt; Scope Completeness ≥ 95% &gt; should pass when scope is 100%" time="0.097250023">
        </testcase>
        <testcase classname="src/core/verification/__tests__/pilot-thresholds.spec-test.ts" name="Pilot Invariants + VG-5 Thresholds — Spec Contract Tests &gt; VG-5 Threshold Requirements &gt; Scope Completeness ≥ 95% &gt; should pass when scope is exactly 95%" time="0.103410078">
        </testcase>
        <testcase classname="src/core/verification/__tests__/pilot-thresholds.spec-test.ts" name="Pilot Invariants + VG-5 Thresholds — Spec Contract Tests &gt; VG-5 Threshold Requirements &gt; Scope Completeness ≥ 95% &gt; should fail when scope is below 95%" time="0.112068039">
        </testcase>
        <testcase classname="src/core/verification/__tests__/pilot-thresholds.spec-test.ts" name="Pilot Invariants + VG-5 Thresholds — Spec Contract Tests &gt; VG-5 Threshold Requirements &gt; Waiver Coverage = 100% &gt; should pass when all waivers are compliant" time="0.372943699">
        </testcase>
        <testcase classname="src/core/verification/__tests__/pilot-thresholds.spec-test.ts" name="Pilot Invariants + VG-5 Thresholds — Spec Contract Tests &gt; VG-5 Threshold Requirements &gt; Waiver Coverage = 100% &gt; should fail when waiver is missing ticketRef" time="0.351470971">
        </testcase>
        <testcase classname="src/core/verification/__tests__/pilot-thresholds.spec-test.ts" name="Pilot Invariants + VG-5 Thresholds — Spec Contract Tests &gt; Go/No-Go Criteria &gt; should fail overall if ANY invariant fails" time="0.111186302">
        </testcase>
        <testcase classname="src/core/verification/__tests__/pilot-thresholds.spec-test.ts" name="Pilot Invariants + VG-5 Thresholds — Spec Contract Tests &gt; Go/No-Go Criteria &gt; should pass overall if ALL invariants pass" time="0.115580875">
        </testcase>
        <testcase classname="src/core/verification/__tests__/pilot-thresholds.spec-test.ts" name="Pilot Invariants + VG-5 Thresholds — Spec Contract Tests &gt; Go/No-Go Criteria &gt; should fail pilot if FP rate exceeds threshold even if invariants pass" time="0.09517282">
        </testcase>
        <testcase classname="src/core/verification/__tests__/pilot-thresholds.spec-test.ts" name="Pilot Invariants + VG-5 Thresholds — Spec Contract Tests &gt; Go/No-Go Criteria &gt; should fail pilot if scope completeness is below threshold" time="0.114084853">
        </testcase>
        <testcase classname="src/core/verification/__tests__/pilot-thresholds.spec-test.ts" name="Pilot Invariants + VG-5 Thresholds — Spec Contract Tests &gt; Done vs Proven (VG-6) &gt; done count should always be &gt;= proven count" time="0.32804184">
        </testcase>
        <testcase classname="src/core/verification/__tests__/pilot-thresholds.spec-test.ts" name="Pilot Invariants + VG-5 Thresholds — Spec Contract Tests &gt; Done vs Proven (VG-6) &gt; should not have proven tasks that are not done" time="0.344891761">
        </testcase>
        <testcase classname="src/core/verification/__tests__/pilot-thresholds.spec-test.ts" name="Pilot Invariants + VG-5 Thresholds — Spec Contract Tests &gt; Done vs Proven (VG-6) &gt; should calculate unproven debt correctly" time="0.278312594">
        </testcase>
        <testcase classname="src/core/verification/__tests__/pilot-thresholds.spec-test.ts" name="Pilot Invariants + VG-5 Thresholds — Implementation Edge Cases &gt; CRITICAL BUG: Scope Completeness Check &gt; should query AnalysisScope nodes for scope completeness, not invariant count" time="0.230066007">
        </testcase>
        <testcase classname="src/core/verification/__tests__/pilot-thresholds.spec-test.ts" name="Pilot Invariants + VG-5 Thresholds — Implementation Edge Cases &gt; CRITICAL BUG: Scope Completeness Check &gt; should NOT report 100% scope when AnalysisScope has partial coverage" time="0.184889692">
        </testcase>
        <testcase classname="src/core/verification/__tests__/pilot-thresholds.spec-test.ts" name="Pilot Invariants + VG-5 Thresholds — Implementation Edge Cases &gt; Pass-by-Absence: Waiver Coverage &gt; should NOT report 100% waiver compliance when zero waivers exist" time="0.165627021">
        </testcase>
        <testcase classname="src/core/verification/__tests__/pilot-thresholds.spec-test.ts" name="Pilot Invariants + VG-5 Thresholds — Implementation Edge Cases &gt; Pass-by-Absence: Waiver Coverage &gt; should require explicit handling when zero waivers exist" time="0.143225343">
        </testcase>
        <testcase classname="src/core/verification/__tests__/pilot-thresholds.spec-test.ts" name="Pilot Invariants + VG-5 Thresholds — Implementation Edge Cases &gt; Pass-by-Absence: Scope Completeness &gt; should NOT report 100% scope when zero AnalysisScope nodes exist" time="0.143562232">
        </testcase>
        <testcase classname="src/core/verification/__tests__/pilot-thresholds.spec-test.ts" name="Pilot Invariants + VG-5 Thresholds — Implementation Edge Cases &gt; Pass-by-Absence: Scope Completeness &gt; should fail or warn when no scope data exists for pilot validation" time="0.144008922">
        </testcase>
        <testcase classname="src/core/verification/__tests__/pilot-thresholds.spec-test.ts" name="Pilot Invariants + VG-5 Thresholds — Implementation Edge Cases &gt; Invariant Checks: Neo4j vs Static Config &gt; should query Neo4j for duplicate node detection" time="0.236557218">
        </testcase>
        <testcase classname="src/core/verification/__tests__/pilot-thresholds.spec-test.ts" name="Pilot Invariants + VG-5 Thresholds — Implementation Edge Cases &gt; Graceful Failure: Missing IR Nodes &gt; should handle empty project gracefully" time="0.24947443">
        </testcase>
        <testcase classname="src/core/verification/__tests__/pilot-thresholds.spec-test.ts" name="Pilot Invariants + VG-5 Thresholds — Implementation Edge Cases &gt; Graceful Failure: Missing IR Nodes &gt; should return meaningful result when validation runs on empty project" time="0.154825828">
        </testcase>
        <testcase classname="src/core/verification/__tests__/pilot-thresholds.spec-test.ts" name="Pilot Invariants + VG-5 Thresholds — Implementation Edge Cases &gt; InvariantProof: MERGE vs CREATE &gt; should use MERGE to prevent duplicate InvariantProof nodes" time="0.171807581">
        </testcase>
        <testcase classname="src/core/verification/__tests__/pilot-thresholds.spec-test.ts" name="Pilot Invariants + VG-5 Thresholds — Implementation Edge Cases &gt; InvariantProof: MERGE vs CREATE &gt; should NOT create duplicate InvariantProof nodes across runs" time="0.209938631">
        </testcase>
        <testcase classname="src/core/verification/__tests__/pilot-thresholds.spec-test.ts" name="Pilot Invariants + VG-5 Thresholds — Implementation Edge Cases &gt; Threshold Calculation Edge Cases &gt; should handle division by zero in FP rate calculation" time="0.14134648">
        </testcase>
        <testcase classname="src/core/verification/__tests__/pilot-thresholds.spec-test.ts" name="Pilot Invariants + VG-5 Thresholds — Implementation Edge Cases &gt; Threshold Calculation Edge Cases &gt; should calculate FP rate correctly with fractional results" time="0.137746302">
        </testcase>
        <testcase classname="src/core/verification/__tests__/pilot-thresholds.spec-test.ts" name="Pilot Invariants + VG-5 Thresholds — Implementation Edge Cases &gt; Threshold Calculation Edge Cases &gt; should handle threshold boundary conditions precisely" time="0.134866721">
        </testcase>
        <testcase classname="src/core/verification/__tests__/pilot-thresholds.spec-test.ts" name="Pilot Invariants + VG-5 Thresholds — Implementation Edge Cases &gt; Done-vs-Proven Query Edge Cases &gt; should handle tasks with null status" time="0.157077779">
        </testcase>
        <testcase classname="src/core/verification/__tests__/pilot-thresholds.spec-test.ts" name="Pilot Invariants + VG-5 Thresholds — Implementation Edge Cases &gt; Done-vs-Proven Query Edge Cases &gt; should handle InvariantProof with result other than pass" time="0.164188384">
        </testcase>
        <testcase classname="src/core/verification/__tests__/pilot-thresholds.spec-test.ts" name="Pilot Invariants + VG-5 Thresholds — Implementation Edge Cases &gt; Milestone Code Matching &gt; should find tasks by milestone code VG-5" time="0.160497108">
        </testcase>
        <testcase classname="src/core/verification/__tests__/pilot-thresholds.spec-test.ts" name="Pilot Invariants + VG-5 Thresholds — Implementation Edge Cases &gt; Milestone Code Matching &gt; should handle missing milestone gracefully" time="0.150837873">
        </testcase>
    </testsuite>
    <testsuite name="src/core/verification/__tests__/rf10-entropy-monitoring.spec-test.ts" timestamp="2026-03-19T19:16:47.394Z" hostname="LAPTOP-MKMEMDEH" tests="19" failures="0" errors="0" skipped="0" time="0.033211054">
        <testcase classname="src/core/verification/__tests__/rf10-entropy-monitoring.spec-test.ts" name="RF-10 Task 1: Confidence Entropy Metric &gt; Shannon entropy computation (H = -Σp log p) &gt; returns 0 entropy for uniform confidence (all VRs identical)" time="0.006471036">
        </testcase>
        <testcase classname="src/core/verification/__tests__/rf10-entropy-monitoring.spec-test.ts" name="RF-10 Task 1: Confidence Entropy Metric &gt; Shannon entropy computation (H = -Σp log p) &gt; returns max entropy for uniformly distributed confidence" time="0.00092409">
        </testcase>
        <testcase classname="src/core/verification/__tests__/rf10-entropy-monitoring.spec-test.ts" name="RF-10 Task 1: Confidence Entropy Metric &gt; Shannon entropy computation (H = -Σp log p) &gt; returns 0 entropy for empty input" time="0.000745624">
        </testcase>
        <testcase classname="src/core/verification/__tests__/rf10-entropy-monitoring.spec-test.ts" name="RF-10 Task 1: Confidence Entropy Metric &gt; Shannon entropy computation (H = -Σp log p) &gt; returns 0 entropy for single VR" time="0.001430497">
        </testcase>
        <testcase classname="src/core/verification/__tests__/rf10-entropy-monitoring.spec-test.ts" name="RF-10 Task 1: Confidence Entropy Metric &gt; stable binning &gt; uses fixed bin boundaries regardless of data distribution" time="0.000473129">
        </testcase>
        <testcase classname="src/core/verification/__tests__/rf10-entropy-monitoring.spec-test.ts" name="RF-10 Task 1: Confidence Entropy Metric &gt; stable binning &gt; clamps values outside [min, max] to boundary bins" time="0.000300796">
        </testcase>
        <testcase classname="src/core/verification/__tests__/rf10-entropy-monitoring.spec-test.ts" name="RF-10 Task 1: Confidence Entropy Metric &gt; per-project/gate/slice grouping &gt; computes entropy per sourceFamily (gate)" time="0.000487815">
        </testcase>
        <testcase classname="src/core/verification/__tests__/rf10-entropy-monitoring.spec-test.ts" name="RF-10 Task 1: Confidence Entropy Metric &gt; result structure &gt; returns all required fields" time="0.001077573">
        </testcase>
        <testcase classname="src/core/verification/__tests__/rf10-entropy-monitoring.spec-test.ts" name="RF-10 Task 2: Entropy Collapse &amp; Spike Alerts &gt; entropy collapse detection &gt; alerts when entropy drops below collapse threshold" time="0.009740389">
        </testcase>
        <testcase classname="src/core/verification/__tests__/rf10-entropy-monitoring.spec-test.ts" name="RF-10 Task 2: Entropy Collapse &amp; Spike Alerts &gt; entropy collapse detection &gt; alerts when entropy drops by more than threshold between periods" time="0.000580753">
        </testcase>
        <testcase classname="src/core/verification/__tests__/rf10-entropy-monitoring.spec-test.ts" name="RF-10 Task 2: Entropy Collapse &amp; Spike Alerts &gt; entropy collapse detection &gt; does not alert on gradual entropy decrease" time="0.00047376">
        </testcase>
        <testcase classname="src/core/verification/__tests__/rf10-entropy-monitoring.spec-test.ts" name="RF-10 Task 2: Entropy Collapse &amp; Spike Alerts &gt; entropy spike detection &gt; alerts when entropy spikes above threshold" time="0.000503799">
        </testcase>
        <testcase classname="src/core/verification/__tests__/rf10-entropy-monitoring.spec-test.ts" name="RF-10 Task 2: Entropy Collapse &amp; Spike Alerts &gt; no anomaly &gt; returns no alert for stable entropy" time="0.000391475">
        </testcase>
        <testcase classname="src/core/verification/__tests__/rf10-entropy-monitoring.spec-test.ts" name="RF-10 Task 2: Entropy Collapse &amp; Spike Alerts &gt; no anomaly &gt; handles single-entry history gracefully" time="0.000306815">
        </testcase>
        <testcase classname="src/core/verification/__tests__/rf10-entropy-monitoring.spec-test.ts" name="RF-10 Task 2: Entropy Collapse &amp; Spike Alerts &gt; no anomaly &gt; handles empty history" time="0.000316809">
        </testcase>
        <testcase classname="src/core/verification/__tests__/rf10-entropy-monitoring.spec-test.ts" name="RF-10 Task 3: Entropy × Collusion × Override Correlation &gt; flags correlation when entropy collapse coincides with anti-gaming trigger" time="0.000588323">
        </testcase>
        <testcase classname="src/core/verification/__tests__/rf10-entropy-monitoring.spec-test.ts" name="RF-10 Task 3: Entropy × Collusion × Override Correlation &gt; flags correlation when entropy spike coincides with override burst" time="0.000439834">
        </testcase>
        <testcase classname="src/core/verification/__tests__/rf10-entropy-monitoring.spec-test.ts" name="RF-10 Task 3: Entropy × Collusion × Override Correlation &gt; returns no correlations when anomaly has no concurrent events" time="0.000466525">
        </testcase>
        <testcase classname="src/core/verification/__tests__/rf10-entropy-monitoring.spec-test.ts" name="RF-10 Task 3: Entropy × Collusion × Override Correlation &gt; returns no correlations when entropy is stable" time="0.003716567">
        </testcase>
    </testsuite>
    <testsuite name="src/core/verification/__tests__/runtime-dashboard.spec-test.ts" timestamp="2026-03-19T19:16:47.401Z" hostname="LAPTOP-MKMEMDEH" tests="87" failures="0" errors="0" skipped="0" time="0.045218061">
        <testcase classname="src/core/verification/__tests__/runtime-dashboard.spec-test.ts" name="Runtime Evidence + Dashboard — Spec Contract Tests &gt; RTG-1: VerificationRun node schema &gt; SPEC: Section 23 — VerificationRun requires runId, ranAt, ok, durationMs, decisionHash" time="0.004493033">
        </testcase>
        <testcase classname="src/core/verification/__tests__/runtime-dashboard.spec-test.ts" name="Runtime Evidence + Dashboard — Spec Contract Tests &gt; RTG-1: VerificationRun node schema &gt; SPEC: Section 23 — VerificationRun supports decisionHash field" time="0.000864305">
        </testcase>
        <testcase classname="src/core/verification/__tests__/runtime-dashboard.spec-test.ts" name="Runtime Evidence + Dashboard — Spec Contract Tests &gt; RTG-1: VerificationRun node schema &gt; SPEC: Section 23 — VerificationRun supports externalContextSnapshotRef for RTG-2 replay" time="0.000457078">
        </testcase>
        <testcase classname="src/core/verification/__tests__/runtime-dashboard.spec-test.ts" name="Runtime Evidence + Dashboard — Spec Contract Tests &gt; RTG-1: VerificationRun node schema &gt; SPEC: Section 23 — VerificationRun status must be satisfies | violates | unknown" time="0.001043656">
        </testcase>
        <testcase classname="src/core/verification/__tests__/runtime-dashboard.spec-test.ts" name="Runtime Evidence + Dashboard — Spec Contract Tests &gt; RTG-1: VerificationRun node schema &gt; SPEC: Section 23 — criticality must be low | medium | high | safety_critical" time="0.00060577">
        </testcase>
        <testcase classname="src/core/verification/__tests__/runtime-dashboard.spec-test.ts" name="Runtime Evidence + Dashboard — Spec Contract Tests &gt; RTG-1: VerificationRun node schema &gt; SPEC: Section 23 — evidenceGrade must be A1 | A2 | A3" time="0.000467781">
        </testcase>
        <testcase classname="src/core/verification/__tests__/runtime-dashboard.spec-test.ts" name="Runtime Evidence + Dashboard — Spec Contract Tests &gt; RTG-1: GateDecision requirements &gt; SPEC: Section 23 — GateDecision result must be pass | fail | warn" time="0.000429743">
        </testcase>
        <testcase classname="src/core/verification/__tests__/runtime-dashboard.spec-test.ts" name="Runtime Evidence + Dashboard — Spec Contract Tests &gt; RTG-1: GateDecision requirements &gt; SPEC: Section 23 — VerificationRun supports policyBundleId field" time="0.000356628">
        </testcase>
        <testcase classname="src/core/verification/__tests__/runtime-dashboard.spec-test.ts" name="Runtime Evidence + Dashboard — Spec Contract Tests &gt; RTG-1: Required edge types &gt; SPEC: Section 23 — RTG chain requires specific edge types" time="0.001536046">
        </testcase>
        <testcase classname="src/core/verification/__tests__/runtime-dashboard.spec-test.ts" name="Runtime Evidence + Dashboard — Spec Contract Tests &gt; RTG-1: CommitSnapshot requirements &gt; SPEC: Section 23 — CommitSnapshot requires git identity fields" time="0.00077981">
        </testcase>
        <testcase classname="src/core/verification/__tests__/runtime-dashboard.spec-test.ts" name="Runtime Evidence + Dashboard — Spec Contract Tests &gt; RTG-1: WorkingTreeSnapshot requirements &gt; SPEC: Section 23 — WorkingTreeSnapshot requires dirty state fields" time="0.00062696">
        </testcase>
        <testcase classname="src/core/verification/__tests__/runtime-dashboard.spec-test.ts" name="Runtime Evidence + Dashboard — Spec Contract Tests &gt; RTG-2: Decision hash determinism &gt; SPEC: Section 23 — decisionHash determinism: same inputs produce same hash" time="0.000293711">
        </testcase>
        <testcase classname="src/core/verification/__tests__/runtime-dashboard.spec-test.ts" name="Runtime Evidence + Dashboard — Spec Contract Tests &gt; RTG-2: Decision hash determinism &gt; SPEC: Section 23 — identical git state and result yields identical decisionHash" time="0.000236929">
        </testcase>
        <testcase classname="src/core/verification/__tests__/runtime-dashboard.spec-test.ts" name="Runtime Evidence + Dashboard — Spec Contract Tests &gt; RTG-2: Full chain queryability &gt; SPEC: Section 23 — RTG chain must be traversable from HEAD to artifactHash" time="0.000225026">
        </testcase>
        <testcase classname="src/core/verification/__tests__/runtime-dashboard.spec-test.ts" name="Runtime Evidence + Dashboard — Spec Contract Tests &gt; RTG-2: Temporal ordering (TC-1) &gt; SPEC: Section 23 — PRECEDES edges establish temporal ordering" time="0.000273965">
        </testcase>
        <testcase classname="src/core/verification/__tests__/runtime-dashboard.spec-test.ts" name="Runtime Evidence + Dashboard — Spec Contract Tests &gt; GM-9: Dirty worktree policy &gt; SPEC: OR-3 — default behavior is fail-closed on dirty worktree" time="0.000179526">
        </testcase>
        <testcase classname="src/core/verification/__tests__/runtime-dashboard.spec-test.ts" name="Runtime Evidence + Dashboard — Spec Contract Tests &gt; GM-9: Dirty worktree policy &gt; SPEC: OR-3 — VERIFICATION_CAPTURE_ALLOW_DIRTY=true overrides fail-closed" time="0.000133454">
        </testcase>
        <testcase classname="src/core/verification/__tests__/runtime-dashboard.spec-test.ts" name="Runtime Evidence + Dashboard — Spec Contract Tests &gt; GM-9: Dirty worktree policy &gt; SPEC: OR-3 — dirty capture must set dirtyCaptureOverrideUsed flag" time="0.000151794">
        </testcase>
        <testcase classname="src/core/verification/__tests__/runtime-dashboard.spec-test.ts" name="Runtime Evidence + Dashboard — Spec Contract Tests &gt; Section 11: Required metrics &gt; SPEC: Section 11 — interceptionRate metric must be queryable" time="0.000278415">
        </testcase>
        <testcase classname="src/core/verification/__tests__/runtime-dashboard.spec-test.ts" name="Runtime Evidence + Dashboard — Spec Contract Tests &gt; Section 11: Required metrics &gt; SPEC: Section 11 — meanRecoveryRuns metric must be trackable" time="0.000161341">
        </testcase>
        <testcase classname="src/core/verification/__tests__/runtime-dashboard.spec-test.ts" name="Runtime Evidence + Dashboard — Spec Contract Tests &gt; Section 11: Required metrics &gt; SPEC: Section 11 — verification coverage must be measurable" time="0.000176201">
        </testcase>
        <testcase classname="src/core/verification/__tests__/runtime-dashboard.spec-test.ts" name="Runtime Evidence + Dashboard — Spec Contract Tests &gt; Section 11: Required metrics &gt; SPEC: Section 11 — gate latency metrics must be tracked" time="0.000484432">
        </testcase>
        <testcase classname="src/core/verification/__tests__/runtime-dashboard.spec-test.ts" name="Runtime Evidence + Dashboard — Spec Contract Tests &gt; Section 11: Required metrics &gt; SPEC: Section 11 — fingerprint stability must be measurable" time="0.000297723">
        </testcase>
        <testcase classname="src/core/verification/__tests__/runtime-dashboard.spec-test.ts" name="Runtime Evidence + Dashboard — Spec Contract Tests &gt; Section 10: Status dashboard requirements &gt; SPEC: Section 10 — dashboard must report milestone completion buckets" time="0.000177365">
        </testcase>
        <testcase classname="src/core/verification/__tests__/runtime-dashboard.spec-test.ts" name="Runtime Evidence + Dashboard — Spec Contract Tests &gt; Section 10: Status dashboard requirements &gt; SPEC: Section 10 — dashboard must include governance metrics" time="0.000194172">
        </testcase>
        <testcase classname="src/core/verification/__tests__/runtime-dashboard.spec-test.ts" name="Runtime Evidence + Dashboard — Spec Contract Tests &gt; Section 10: Status dashboard requirements &gt; SPEC: Section 10 — dashboard must report evidence coverage" time="0.000580287">
        </testcase>
        <testcase classname="src/core/verification/__tests__/runtime-dashboard.spec-test.ts" name="Runtime Evidence + Dashboard — Spec Contract Tests &gt; Section 10: Status dashboard requirements &gt; SPEC: Section 10 — dashboard output must be valid JSON" time="0.001208561">
        </testcase>
        <testcase classname="src/core/verification/__tests__/runtime-dashboard.spec-test.ts" name="Runtime Evidence + Dashboard — Spec Contract Tests &gt; Section 10: Status dashboard requirements &gt; SPEC: Section 10 — dashboard must support TC metrics reporting" time="0.000265464">
        </testcase>
        <testcase classname="src/core/verification/__tests__/runtime-dashboard.spec-test.ts" name="Runtime Evidence + Dashboard — Spec Contract Tests &gt; Section 10: Status dashboard requirements &gt; SPEC: Section 10 — dashboard must report VG scope completeness" time="0.000270971">
        </testcase>
        <testcase classname="src/core/verification/__tests__/runtime-dashboard.spec-test.ts" name="Runtime Evidence + Dashboard — Spec Contract Tests &gt; RF-1: Four-view structural separation &gt; SPEC: RF-1 — VIEW_FIELD_REGISTRY maps every field to exactly one view" time="0.001075575">
        </testcase>
        <testcase classname="src/core/verification/__tests__/runtime-dashboard.spec-test.ts" name="Runtime Evidence + Dashboard — Spec Contract Tests &gt; RF-1: Four-view structural separation &gt; SPEC: RF-1 — provenance view flow is blocked to other views" time="0.000471152">
        </testcase>
        <testcase classname="src/core/verification/__tests__/runtime-dashboard.spec-test.ts" name="Runtime Evidence + Dashboard — Spec Contract Tests &gt; RF-1: Four-view structural separation &gt; SPEC: RF-1 — decision view cannot mutate other views" time="0.000237762">
        </testcase>
        <testcase classname="src/core/verification/__tests__/runtime-dashboard.spec-test.ts" name="Runtime Evidence + Dashboard — Spec Contract Tests &gt; RF-1: Four-view structural separation &gt; SPEC: RF-1 — validateViewMutation detects cross-view violations" time="0.000293362">
        </testcase>
        <testcase classname="src/core/verification/__tests__/runtime-dashboard.spec-test.ts" name="Runtime Evidence + Dashboard — Spec Contract Tests &gt; Runtime trace schema contract &gt; SPEC: RuntimeTraceNodeType must include agent decision types" time="0.000496044">
        </testcase>
        <testcase classname="src/core/verification/__tests__/runtime-dashboard.spec-test.ts" name="Runtime Evidence + Dashboard — Spec Contract Tests &gt; Runtime trace schema contract &gt; SPEC: RuntimeTraceEdgeType must include causal edges" time="0.000401653">
        </testcase>
        <testcase classname="src/core/verification/__tests__/runtime-dashboard.spec-test.ts" name="Runtime Evidence + Dashboard — Spec Contract Tests &gt; Runtime trace schema contract &gt; SPEC: PolicyVerdict must include allow | deny | warn | escalate | unknown" time="0.000214004">
        </testcase>
        <testcase classname="src/core/verification/__tests__/runtime-dashboard.spec-test.ts" name="Runtime Evidence + Dashboard — Spec Contract Tests &gt; Runtime trace schema contract &gt; SPEC: DEFAULT_RUNTIME_RETENTION_POLICY has sensible defaults" time="0.000143157">
        </testcase>
        <testcase classname="src/core/verification/__tests__/runtime-dashboard.spec-test.ts" name="Runtime Evidence + Dashboard — Spec Contract Tests &gt; Runtime trace schema contract &gt; SPEC: RuntimeTraceEnvelope requires id, projectId, nodeType, metadata" time="0.000607651">
        </testcase>
        <testcase classname="src/core/verification/__tests__/runtime-dashboard.spec-test.ts" name="Runtime Evidence + Dashboard — Spec Contract Tests &gt; Adjudication schema contract &gt; SPEC: AdjudicationState must include full lifecycle" time="0.00058493">
        </testcase>
        <testcase classname="src/core/verification/__tests__/runtime-dashboard.spec-test.ts" name="Runtime Evidence + Dashboard — Spec Contract Tests &gt; Adjudication schema contract &gt; SPEC: AdjudicationReason must include valid dismissal reasons" time="0.000307087">
        </testcase>
        <testcase classname="src/core/verification/__tests__/runtime-dashboard.spec-test.ts" name="Runtime Evidence + Dashboard — Spec Contract Tests &gt; Adjudication schema contract &gt; SPEC: AdjudicationRecord requires ticketRef for audit trail" time="0.000708381">
        </testcase>
        <testcase classname="src/core/verification/__tests__/runtime-dashboard.spec-test.ts" name="Runtime Evidence + Dashboard — Spec Contract Tests &gt; AnalysisScope schema contract &gt; SPEC: AnalysisScope requires verificationRunId linkage" time="0.000604917">
        </testcase>
        <testcase classname="src/core/verification/__tests__/runtime-dashboard.spec-test.ts" name="Runtime Evidence + Dashboard — Spec Contract Tests &gt; AnalysisScope schema contract &gt; SPEC: scopeCompleteness must be complete | partial | unknown" time="0.00073778">
        </testcase>
        <testcase classname="src/core/verification/__tests__/runtime-dashboard.spec-test.ts" name="Runtime Evidence + Dashboard — Spec Contract Tests &gt; AnalysisScope schema contract &gt; SPEC: AnalysisScope supports unscannedTargetNodeIds" time="0.000803781">
        </testcase>
        <testcase classname="src/core/verification/__tests__/runtime-dashboard.spec-test.ts" name="Runtime Evidence + Dashboard — Implementation Edge Cases &gt; ingestRuntimeGateEvidence edge cases &gt; IMPL-EDGE-CASE: MERGE idempotency — re-ingesting same runId updates instead of duplicates" time="0.001101237">
        </testcase>
        <testcase classname="src/core/verification/__tests__/runtime-dashboard.spec-test.ts" name="Runtime Evidence + Dashboard — Implementation Edge Cases &gt; ingestRuntimeGateEvidence edge cases &gt; IMPL-EDGE-CASE: artifact field is optional — ingest works without it" time="0.000402989">
        </testcase>
        <testcase classname="src/core/verification/__tests__/runtime-dashboard.spec-test.ts" name="Runtime Evidence + Dashboard — Implementation Edge Cases &gt; PRECEDES edge creation edge cases &gt; IMPL-EDGE-CASE: first run has no PRECEDES edge — no predecessor exists" time="0.00028238">
        </testcase>
        <testcase classname="src/core/verification/__tests__/runtime-dashboard.spec-test.ts" name="Runtime Evidence + Dashboard — Implementation Edge Cases &gt; PRECEDES edge creation edge cases &gt; IMPL-EDGE-CASE: re-ingest does not duplicate PRECEDES edges" time="0.000195955">
        </testcase>
        <testcase classname="src/core/verification/__tests__/runtime-dashboard.spec-test.ts" name="Runtime Evidence + Dashboard — Implementation Edge Cases &gt; Dashboard query edge cases &gt; IMPL-EDGE-CASE: dashboard handles empty VerificationRun set gracefully" time="0.000257255">
        </testcase>
        <testcase classname="src/core/verification/__tests__/runtime-dashboard.spec-test.ts" name="Runtime Evidence + Dashboard — Implementation Edge Cases &gt; Dashboard query edge cases &gt; IMPL-EDGE-CASE: dashboard handles missing GovernanceMetricSnapshot gracefully" time="0.000295165">
        </testcase>
        <testcase classname="src/core/verification/__tests__/runtime-dashboard.spec-test.ts" name="Runtime Evidence + Dashboard — Implementation Edge Cases &gt; Dashboard query edge cases &gt; IMPL-EDGE-CASE: toNum handles Neo4j Integer objects correctly" time="0.000315918">
        </testcase>
        <testcase classname="src/core/verification/__tests__/runtime-dashboard.spec-test.ts" name="Runtime Evidence + Dashboard — Implementation Edge Cases &gt; Decision hash computation edge cases &gt; IMPL-EDGE-CASE: decisionHash changes when any input field changes" time="0.001152859">
        </testcase>
        <testcase classname="src/core/verification/__tests__/runtime-dashboard.spec-test.ts" name="Runtime Evidence + Dashboard — Implementation Edge Cases &gt; Decision hash computation edge cases &gt; IMPL-EDGE-CASE: stableJson is key-order independent" time="0.000276408">
        </testcase>
        <testcase classname="src/core/verification/__tests__/runtime-dashboard.spec-test.ts" name="Runtime Evidence + Dashboard — Implementation Edge Cases &gt; Artifact linkage edge cases &gt; IMPL-EDGE-CASE: getLatestIntegrityArtifact returns undefined when no files exist" time="0.000740446">
        </testcase>
        <testcase classname="src/core/verification/__tests__/runtime-dashboard.spec-test.ts" name="Runtime Evidence + Dashboard — Implementation Edge Cases &gt; Artifact linkage edge cases &gt; IMPL-EDGE-CASE: empty artifacts/integrity-snapshots directory returns undefined" time="0.000247475">
        </testcase>
        <testcase classname="src/core/verification/__tests__/runtime-dashboard.spec-test.ts" name="Runtime Evidence + Dashboard — Implementation Edge Cases &gt; Artifact linkage edge cases &gt; IMPL-EDGE-CASE: artifact files are sorted to select latest" time="0.00014529">
        </testcase>
        <testcase classname="src/core/verification/__tests__/runtime-dashboard.spec-test.ts" name="Runtime Evidence + Dashboard — Implementation Edge Cases &gt; WorkingTreeSnapshot edge cases &gt; IMPL-EDGE-CASE: git commands fail gracefully when not in repo" time="0.001019811">
        </testcase>
        <testcase classname="src/core/verification/__tests__/runtime-dashboard.spec-test.ts" name="Runtime Evidence + Dashboard — Implementation Edge Cases &gt; WorkingTreeSnapshot edge cases &gt; IMPL-EDGE-CASE: diffHash includes both staged and unstaged changes" time="0.000235388">
        </testcase>
        <testcase classname="src/core/verification/__tests__/runtime-dashboard.spec-test.ts" name="Runtime Evidence + Dashboard — Implementation Edge Cases &gt; WorkingTreeSnapshot edge cases &gt; IMPL-EDGE-CASE: isDirty is true when porcelain output is non-empty" time="0.000223911">
        </testcase>
        <testcase classname="src/core/verification/__tests__/runtime-dashboard.spec-test.ts" name="Runtime Evidence + Dashboard — Implementation Edge Cases &gt; View schema edge cases &gt; IMPL-EDGE-CASE: TC-1 temporal fields belong to evidence view" time="0.000260871">
        </testcase>
        <testcase classname="src/core/verification/__tests__/runtime-dashboard.spec-test.ts" name="Runtime Evidence + Dashboard — Implementation Edge Cases &gt; View schema edge cases &gt; IMPL-EDGE-CASE: TC-3 shadow fields belong to trust view" time="0.000243375">
        </testcase>
        <testcase classname="src/core/verification/__tests__/runtime-dashboard.spec-test.ts" name="Runtime Evidence + Dashboard — Implementation Edge Cases &gt; View schema edge cases &gt; IMPL-EDGE-CASE: TC-5 debt fields belong to trust view" time="0.000216786">
        </testcase>
        <testcase classname="src/core/verification/__tests__/runtime-dashboard.spec-test.ts" name="Runtime Evidence + Dashboard — Implementation Edge Cases &gt; View schema edge cases &gt; IMPL-EDGE-CASE: same-view mutations are allowed" time="0.000239497">
        </testcase>
        <testcase classname="src/core/verification/__tests__/runtime-dashboard.spec-test.ts" name="Runtime Evidence + Dashboard — Implementation Edge Cases &gt; RuntimeTraceMetadata edge cases &gt; IMPL-EDGE-CASE: RuntimeTraceMetadata defaults policyVerdict to unknown" time="0.000589806">
        </testcase>
        <testcase classname="src/core/verification/__tests__/runtime-dashboard.spec-test.ts" name="Runtime Evidence + Dashboard — Implementation Edge Cases &gt; RuntimeTraceMetadata edge cases &gt; IMPL-EDGE-CASE: latencyMs and riskScore are optional" time="0.000311032">
        </testcase>
        <testcase classname="src/core/verification/__tests__/runtime-dashboard.spec-test.ts" name="Runtime Evidence + Dashboard — Implementation Edge Cases &gt; RuntimeTraceMetadata edge cases &gt; IMPL-EDGE-CASE: riskScore must be between 0 and 1" time="0.000473974">
        </testcase>
        <testcase classname="src/core/verification/__tests__/runtime-dashboard.spec-test.ts" name="Runtime Evidence + Dashboard — Implementation Edge Cases &gt; RuntimeRetentionPolicy edge cases &gt; IMPL-EDGE-CASE: retention policy rejects non-positive days" time="0.000275749">
        </testcase>
        <testcase classname="src/core/verification/__tests__/runtime-dashboard.spec-test.ts" name="Runtime Evidence + Dashboard — Implementation Edge Cases &gt; RuntimeRetentionPolicy edge cases &gt; IMPL-EDGE-CASE: aggregateBucket enum validation" time="0.000377294">
        </testcase>
        <testcase classname="src/core/verification/__tests__/runtime-dashboard.spec-test.ts" name="Runtime Evidence + Dashboard — Implementation Edge Cases &gt; VerificationRun confidence edge cases &gt; IMPL-EDGE-CASE: confidence defaults to 0.5 when not provided" time="0.000294709">
        </testcase>
        <testcase classname="src/core/verification/__tests__/runtime-dashboard.spec-test.ts" name="Runtime Evidence + Dashboard — Implementation Edge Cases &gt; VerificationRun confidence edge cases &gt; IMPL-EDGE-CASE: confidence rejects values outside 0-1" time="0.000340558">
        </testcase>
        <testcase classname="src/core/verification/__tests__/runtime-dashboard.spec-test.ts" name="Runtime Evidence + Dashboard — Implementation Edge Cases &gt; QH-2: Blocked metrics edge cases &gt; IMPL-EDGE-CASE: blocked counts use DISTINCT to prevent inflation" time="0.000129199">
        </testcase>
        <testcase classname="src/core/verification/__tests__/runtime-dashboard.spec-test.ts" name="Runtime Evidence + Dashboard — Implementation Edge Cases &gt; QH-2: Blocked metrics edge cases &gt; IMPL-EDGE-CASE: dashboard reports both explicit and effective blocked" time="0.00014906">
        </testcase>
        <testcase classname="src/core/verification/__tests__/runtime-dashboard.spec-test.ts" name="Runtime Evidence + Dashboard — Implementation Edge Cases &gt; TC-1: Evidence view temporal fields &gt; IMPL-EDGE-CASE: observedAt coalesces to ranAt on first ingest" time="0.000146376">
        </testcase>
        <testcase classname="src/core/verification/__tests__/runtime-dashboard.spec-test.ts" name="Runtime Evidence + Dashboard — Implementation Edge Cases &gt; TC-1: Evidence view temporal fields &gt; IMPL-EDGE-CASE: validTo null means evidence is still valid" time="0.000531201">
        </testcase>
        <testcase classname="src/core/verification/__tests__/runtime-dashboard.spec-test.ts" name="Runtime Evidence + Dashboard — Implementation Edge Cases &gt; TC-1: Evidence view temporal fields &gt; IMPL-EDGE-CASE: supersededAt is set when newer evidence arrives" time="0.000262508">
        </testcase>
        <testcase classname="src/core/verification/__tests__/runtime-dashboard.spec-test.ts" name="Runtime Evidence + Dashboard — Implementation Edge Cases &gt; Trust view confidence computation edge cases &gt; IMPL-EDGE-CASE: effectiveConfidence = confidence × TCF × penalty" time="0.000330593">
        </testcase>
        <testcase classname="src/core/verification/__tests__/runtime-dashboard.spec-test.ts" name="Runtime Evidence + Dashboard — Implementation Edge Cases &gt; Trust view confidence computation edge cases &gt; IMPL-EDGE-CASE: shadowEffectiveConfidence is separate from effectiveConfidence" time="0.000259048">
        </testcase>
        <testcase classname="src/core/verification/__tests__/runtime-dashboard.spec-test.ts" name="Runtime Evidence + Dashboard — Implementation Edge Cases &gt; Trust view confidence computation edge cases &gt; IMPL-EDGE-CASE: confidenceDebt formula validation" time="0.000255394">
        </testcase>
        <testcase classname="src/core/verification/__tests__/runtime-dashboard.spec-test.ts" name="Runtime Evidence + Dashboard — Implementation Edge Cases &gt; Decision hash format edge cases &gt; IMPL-EDGE-CASE: decisionHash format is sha256:&lt;hex&gt;" time="0.000151193">
        </testcase>
        <testcase classname="src/core/verification/__tests__/runtime-dashboard.spec-test.ts" name="Runtime Evidence + Dashboard — Implementation Edge Cases &gt; Decision hash format edge cases &gt; IMPL-EDGE-CASE: externalContextSnapshotRef format is ctx:&lt;hash&gt;" time="0.000157581">
        </testcase>
        <testcase classname="src/core/verification/__tests__/runtime-dashboard.spec-test.ts" name="Runtime Evidence + Dashboard — Implementation Edge Cases &gt; Decision hash format edge cases &gt; IMPL-EDGE-CASE: artifactHash format is sha256:&lt;hex&gt;" time="0.00013013">
        </testcase>
        <testcase classname="src/core/verification/__tests__/runtime-dashboard.spec-test.ts" name="Runtime Evidence + Dashboard — Implementation Edge Cases &gt; Node ID format edge cases &gt; IMPL-EDGE-CASE: VerificationRun ID format is vr:&lt;projectId&gt;:&lt;tool&gt;:&lt;timestamp&gt;" time="0.000211426">
        </testcase>
        <testcase classname="src/core/verification/__tests__/runtime-dashboard.spec-test.ts" name="Runtime Evidence + Dashboard — Implementation Edge Cases &gt; Node ID format edge cases &gt; IMPL-EDGE-CASE: GateDecision ID format is gate:&lt;runId&gt;:&lt;gateName&gt;" time="0.000147742">
        </testcase>
        <testcase classname="src/core/verification/__tests__/runtime-dashboard.spec-test.ts" name="Runtime Evidence + Dashboard — Implementation Edge Cases &gt; Node ID format edge cases &gt; IMPL-EDGE-CASE: CommitSnapshot ID format is commit-snapshot:&lt;runId&gt;" time="0.000125739">
        </testcase>
        <testcase classname="src/core/verification/__tests__/runtime-dashboard.spec-test.ts" name="Runtime Evidence + Dashboard — Implementation Edge Cases &gt; Node ID format edge cases &gt; IMPL-EDGE-CASE: Artifact ID uses first 32 chars of sha256" time="0.00013582">
        </testcase>
        <testcase classname="src/core/verification/__tests__/runtime-dashboard.spec-test.ts" name="Runtime Evidence + Dashboard — Implementation Edge Cases &gt; Error handling edge cases &gt; IMPL-EDGE-CASE: error output is valid JSON with ok:false" time="0.0001933">
        </testcase>
        <testcase classname="src/core/verification/__tests__/runtime-dashboard.spec-test.ts" name="Runtime Evidence + Dashboard — Implementation Edge Cases &gt; Error handling edge cases &gt; IMPL-EDGE-CASE: failure sets exit code to non-zero" time="0.00019931">
        </testcase>
    </testsuite>
    <testsuite name="src/core/verification/__tests__/sarif-ingest.spec-test.ts" timestamp="2026-03-19T19:16:47.430Z" hostname="LAPTOP-MKMEMDEH" tests="46" failures="0" errors="0" skipped="0" time="2.324118349">
        <testcase classname="src/core/verification/__tests__/sarif-ingest.spec-test.ts" name="SARIF + Ingest — Spec Contract Tests &gt; SARIF Import Behavioral Contract (Section 6) &gt; maps SARIF error severity to violates status with high criticality" time="0.005127308">
        </testcase>
        <testcase classname="src/core/verification/__tests__/sarif-ingest.spec-test.ts" name="SARIF + Ingest — Spec Contract Tests &gt; SARIF Import Behavioral Contract (Section 6) &gt; maps SARIF warning severity to violates status with medium criticality" time="0.00201527">
        </testcase>
        <testcase classname="src/core/verification/__tests__/sarif-ingest.spec-test.ts" name="SARIF + Ingest — Spec Contract Tests &gt; SARIF Import Behavioral Contract (Section 6) &gt; creates satisfies status for clean runs (no findings)" time="0.001342423">
        </testcase>
        <testcase classname="src/core/verification/__tests__/sarif-ingest.spec-test.ts" name="SARIF + Ingest — Spec Contract Tests &gt; SARIF Import Behavioral Contract (Section 6) &gt; imports suppressions as AdjudicationRecord nodes" time="0.001706378">
        </testcase>
        <testcase classname="src/core/verification/__tests__/sarif-ingest.spec-test.ts" name="SARIF + Ingest — Spec Contract Tests &gt; SARIF Import Behavioral Contract (Section 6) &gt; preserves relatedLocations in PathWitness for high/safety-critical findings" time="0.001289483">
        </testcase>
        <testcase classname="src/core/verification/__tests__/sarif-ingest.spec-test.ts" name="SARIF + Ingest — Spec Contract Tests &gt; Provenance Fields (Section 6 + 17.1) &gt; stamps all required provenance fields on every VerificationRun" time="0.001445815">
        </testcase>
        <testcase classname="src/core/verification/__tests__/sarif-ingest.spec-test.ts" name="SARIF + Ingest — Spec Contract Tests &gt; Provenance Fields (Section 6 + 17.1) &gt; generates deterministic fingerprints for identical inputs" time="0.001526244">
        </testcase>
        <testcase classname="src/core/verification/__tests__/sarif-ingest.spec-test.ts" name="SARIF + Ingest — Spec Contract Tests &gt; TC-1 Temporal Defaults (Section 4 + TC-1) &gt; sets TC-1 temporal defaults on ingested VerificationRun nodes" time="0.309998007">
        </testcase>
        <testcase classname="src/core/verification/__tests__/sarif-ingest.spec-test.ts" name="SARIF + Ingest — Spec Contract Tests &gt; Verification Ingest Behavioral Contract (Section 4 + 7) &gt; creates VerificationRun nodes with CodeNode:VerificationRun labels" time="0.131960859">
        </testcase>
        <testcase classname="src/core/verification/__tests__/sarif-ingest.spec-test.ts" name="SARIF + Ingest — Spec Contract Tests &gt; Verification Ingest Behavioral Contract (Section 4 + 7) &gt; creates AnalysisScope nodes with HAS_SCOPE edges to VerificationRun" time="0.146537275">
        </testcase>
        <testcase classname="src/core/verification/__tests__/sarif-ingest.spec-test.ts" name="SARIF + Ingest — Spec Contract Tests &gt; Verification Ingest Behavioral Contract (Section 4 + 7) &gt; creates AdjudicationRecord nodes with ADJUDICATES edges to targets" time="0.129233669">
        </testcase>
        <testcase classname="src/core/verification/__tests__/sarif-ingest.spec-test.ts" name="SARIF + Ingest — Spec Contract Tests &gt; Verification Ingest Behavioral Contract (Section 4 + 7) &gt; creates PathWitness nodes with ILLUSTRATES edges to VerificationRun" time="0.221645248">
        </testcase>
        <testcase classname="src/core/verification/__tests__/sarif-ingest.spec-test.ts" name="SARIF + Ingest — Spec Contract Tests &gt; Verification Ingest Behavioral Contract (Section 4 + 7) &gt; uses MERGE semantics for idempotent ingestion" time="0.314599126">
        </testcase>
        <testcase classname="src/core/verification/__tests__/sarif-ingest.spec-test.ts" name="SARIF + Ingest — Spec Contract Tests &gt; Verification Ingest Behavioral Contract (Section 4 + 7) &gt; sets projectId on all ingested nodes" time="0.221666513">
        </testcase>
        <testcase classname="src/core/verification/__tests__/sarif-ingest.spec-test.ts" name="SARIF + Ingest — Spec Contract Tests &gt; Scope Completeness (Section 4) &gt; accepts valid scopeCompleteness values" time="0.000642118">
        </testcase>
        <testcase classname="src/core/verification/__tests__/sarif-ingest.spec-test.ts" name="SARIF + Ingest — Spec Contract Tests &gt; Scope Completeness (Section 4) &gt; rejects invalid scopeCompleteness values" time="0.002927001">
        </testcase>
        <testcase classname="src/core/verification/__tests__/sarif-ingest.spec-test.ts" name="SARIF + Ingest — Spec Contract Tests &gt; Schema Validation &gt; validates VerificationFoundationBundle with Zod" time="0.000417482">
        </testcase>
        <testcase classname="src/core/verification/__tests__/sarif-ingest.spec-test.ts" name="SARIF + Ingest — Spec Contract Tests &gt; Schema Validation &gt; throws Zod error for missing required fields" time="0.00087462">
        </testcase>
        <testcase classname="src/core/verification/__tests__/sarif-ingest.spec-test.ts" name="SARIF + Ingest — Spec Contract Tests &gt; Schema Validation &gt; accepts empty arrays as valid bundle" time="0.000944859">
        </testcase>
        <testcase classname="src/core/verification/__tests__/sarif-ingest.spec-test.ts" name="SARIF + Ingest — Implementation Edge Cases &gt; chooseFingerprint() Fallback Chain &gt; prefers primaryLocationLineHash over other fingerprints" time="0.011739412">
        </testcase>
        <testcase classname="src/core/verification/__tests__/sarif-ingest.spec-test.ts" name="SARIF + Ingest — Implementation Edge Cases &gt; chooseFingerprint() Fallback Chain &gt; falls back to primaryLocationStartColumnFingerprint when line hash missing" time="0.006245921">
        </testcase>
        <testcase classname="src/core/verification/__tests__/sarif-ingest.spec-test.ts" name="SARIF + Ingest — Implementation Edge Cases &gt; chooseFingerprint() Fallback Chain &gt; computes hash from ruleId/message/location when no fingerprints present" time="0.004381165">
        </testcase>
        <testcase classname="src/core/verification/__tests__/sarif-ingest.spec-test.ts" name="SARIF + Ingest — Implementation Edge Cases &gt; chooseFingerprint() Fallback Chain &gt; handles undefined partialFingerprints object" time="0.003651992">
        </testcase>
        <testcase classname="src/core/verification/__tests__/sarif-ingest.spec-test.ts" name="SARIF + Ingest — Implementation Edge Cases &gt; Malformed SARIF Handling &gt; handles SARIF with missing runs array" time="0.002796555">
        </testcase>
        <testcase classname="src/core/verification/__tests__/sarif-ingest.spec-test.ts" name="SARIF + Ingest — Implementation Edge Cases &gt; Malformed SARIF Handling &gt; handles SARIF with null results in run" time="0.002739865">
        </testcase>
        <testcase classname="src/core/verification/__tests__/sarif-ingest.spec-test.ts" name="SARIF + Ingest — Implementation Edge Cases &gt; Malformed SARIF Handling &gt; handles SARIF with empty tool.driver" time="0.001689103">
        </testcase>
        <testcase classname="src/core/verification/__tests__/sarif-ingest.spec-test.ts" name="SARIF + Ingest — Implementation Edge Cases &gt; Malformed SARIF Handling &gt; handles SARIF with missing tool object" time="0.001617983">
        </testcase>
        <testcase classname="src/core/verification/__tests__/sarif-ingest.spec-test.ts" name="SARIF + Ingest — Implementation Edge Cases &gt; mapSuppressionState() Mapping &gt; maps review state variants to reviewing" time="0.001396256">
        </testcase>
        <testcase classname="src/core/verification/__tests__/sarif-ingest.spec-test.ts" name="SARIF + Ingest — Implementation Edge Cases &gt; mapSuppressionState() Mapping &gt; maps dismiss/accept/approved variants to dismissed" time="0.001577163">
        </testcase>
        <testcase classname="src/core/verification/__tests__/sarif-ingest.spec-test.ts" name="SARIF + Ingest — Implementation Edge Cases &gt; mapSuppressionState() Mapping &gt; defaults to ignored for unknown suppression states" time="0.003713009">
        </testcase>
        <testcase classname="src/core/verification/__tests__/sarif-ingest.spec-test.ts" name="SARIF + Ingest — Implementation Edge Cases &gt; mapSuppressionReason() Mapping &gt; maps false positive variants correctly" time="0.001635863">
        </testcase>
        <testcase classname="src/core/verification/__tests__/sarif-ingest.spec-test.ts" name="SARIF + Ingest — Implementation Edge Cases &gt; mapSuppressionReason() Mapping &gt; defaults to other for unrecognized justifications" time="0.001184876">
        </testcase>
        <testcase classname="src/core/verification/__tests__/sarif-ingest.spec-test.ts" name="SARIF + Ingest — Implementation Edge Cases &gt; computeScopeCompleteness() Edge Cases &gt; returns partial when analysisErrorCount &gt; 0" time="0.001121169">
        </testcase>
        <testcase classname="src/core/verification/__tests__/sarif-ingest.spec-test.ts" name="SARIF + Ingest — Implementation Edge Cases &gt; computeScopeCompleteness() Edge Cases &gt; returns unknown for empty scope with no artifacts" time="0.001118922">
        </testcase>
        <testcase classname="src/core/verification/__tests__/sarif-ingest.spec-test.ts" name="SARIF + Ingest — Implementation Edge Cases &gt; Neo4j MERGE Idempotency &gt; maintains correct edge counts after duplicate ingestion" time="0.387105257">
        </testcase>
        <testcase classname="src/core/verification/__tests__/sarif-ingest.spec-test.ts" name="SARIF + Ingest — Implementation Edge Cases &gt; Tool Filter Behavior &gt; matches CodeQL tool name case-insensitively" time="0.027102618">
        </testcase>
        <testcase classname="src/core/verification/__tests__/sarif-ingest.spec-test.ts" name="SARIF + Ingest — Implementation Edge Cases &gt; Tool Filter Behavior &gt; skips non-matching tool runs with semgrep filter" time="0.00730637">
        </testcase>
[...]
        </testcase>
        <testcase classname="src/core/test-harness/__tests__/semantic/ui0-precompute-scores.spec-test.ts" name="[UI-0] formatRiskTierSummary &gt; returns 0 for empty/invalid tiers" time="0.000349989">
        </testcase>
        <testcase classname="src/core/test-harness/__tests__/semantic/ui0-precompute-scores.spec-test.ts" name="[UI-0] computeCentralityNormalized &gt; returns 0.0 when maxFanIn is 0" time="0.000212075">
        </testcase>
        <testcase classname="src/core/test-harness/__tests__/semantic/ui0-precompute-scores.spec-test.ts" name="[UI-0] computeCentralityNormalized &gt; returns 1.0 for the function with highest fanIn" time="0.000194144">
        </testcase>
        <testcase classname="src/core/test-harness/__tests__/semantic/ui0-precompute-scores.spec-test.ts" name="[UI-0] computeCentralityNormalized &gt; returns correct ratio for mid-range fanIn" time="0.000265038">
        </testcase>
        <testcase classname="src/core/test-harness/__tests__/semantic/ui0-precompute-scores.spec-test.ts" name="[UI-0] computeCentralityNormalized &gt; returns 0.0 when fanIn is 0 but maxFanIn &gt; 0" time="0.000186388">
        </testcase>
        <testcase classname="src/core/test-harness/__tests__/semantic/ui0-precompute-scores.spec-test.ts" name="[UI-0] computeBasePain — 5-factor weighted &gt; returns weighted combination of all factors" time="0.000249336">
        </testcase>
        <testcase classname="src/core/test-harness/__tests__/semantic/ui0-precompute-scores.spec-test.ts" name="[UI-0] computeBasePain — 5-factor weighted &gt; returns 0.25 for file with no risk but no coverage" time="0.000188521">
        </testcase>
        <testcase classname="src/core/test-harness/__tests__/semantic/ui0-precompute-scores.spec-test.ts" name="[UI-0] computeBasePain — 5-factor weighted &gt; returns 0 for fully covered file with no other factors" time="0.000182657">
        </testcase>
        <testcase classname="src/core/test-harness/__tests__/semantic/ui0-precompute-scores.spec-test.ts" name="[UI-0] computePainScore — log-damped downstream impact &gt; returns basePain when centrality and downstreamImpact are 0" time="0.000229097">
        </testcase>
        <testcase classname="src/core/test-harness/__tests__/semantic/ui0-precompute-scores.spec-test.ts" name="[UI-0] computePainScore — log-damped downstream impact &gt; multiplies by (1 + centrality)" time="0.000210787">
        </testcase>
        <testcase classname="src/core/test-harness/__tests__/semantic/ui0-precompute-scores.spec-test.ts" name="[UI-0] computePainScore — log-damped downstream impact &gt; log-damps downstream impact instead of linear multiply" time="0.000189811">
        </testcase>
        <testcase classname="src/core/test-harness/__tests__/semantic/ui0-precompute-scores.spec-test.ts" name="[UI-0] computePainScore — log-damped downstream impact &gt; downstream=21 gives ~3.1x not 22x" time="0.000385844">
        </testcase>
        <testcase classname="src/core/test-harness/__tests__/semantic/ui0-precompute-scores.spec-test.ts" name="[UI-0] computePainScore — log-damped downstream impact &gt; full formula: basePain * (1 + centrality) * (1 + ln(1 + downstreamImpact))" time="0.000193416">
        </testcase>
        <testcase classname="src/core/test-harness/__tests__/semantic/ui0-precompute-scores.spec-test.ts" name="[UI-0] computePainScore — log-damped downstream impact &gt; returns 0 when basePain is 0" time="0.000157105">
        </testcase>
        <testcase classname="src/core/test-harness/__tests__/semantic/ui0-precompute-scores.spec-test.ts" name="[UI-0] computePainScore — log-damped downstream impact &gt; downstream=1 gives modest boost (ln(2) ≈ 0.69)" time="0.00016866">
        </testcase>
        <testcase classname="src/core/test-harness/__tests__/semantic/ui0-precompute-scores.spec-test.ts" name="[UI-0] computePainScore — log-damped downstream impact &gt; high downstream (100) is bounded, not explosive" time="0.000320861">
        </testcase>
        <testcase classname="src/core/test-harness/__tests__/semantic/ui0-precompute-scores.spec-test.ts" name="[UI-0] computeConfidenceScore — 3-factor &gt; returns 0 when all factors are 0" time="0.000222757">
        </testcase>
        <testcase classname="src/core/test-harness/__tests__/semantic/ui0-precompute-scores.spec-test.ts" name="[UI-0] computeConfidenceScore — 3-factor &gt; returns 1 when all factors are maxed" time="0.000191798">
        </testcase>
        <testcase classname="src/core/test-harness/__tests__/semantic/ui0-precompute-scores.spec-test.ts" name="[UI-0] computeConfidenceScore — 3-factor &gt; weights: effectiveConf=50%, evidence=30%, freshness=20%" time="0.00019454">
        </testcase>
        <testcase classname="src/core/test-harness/__tests__/semantic/ui0-precompute-scores.spec-test.ts" name="[UI-0] computeConfidenceScore — 3-factor &gt; caps evidenceCount at 10" time="0.000173962">
        </testcase>
        <testcase classname="src/core/test-harness/__tests__/semantic/ui0-precompute-scores.spec-test.ts" name="[UI-0] computeFragility — compound product &gt; equals adjustedPain when confidence is 0 and no churn" time="0.000211939">
        </testcase>
        <testcase classname="src/core/test-harness/__tests__/semantic/ui0-precompute-scores.spec-test.ts" name="[UI-0] computeFragility — compound product &gt; equals 0 when confidence is 1" time="0.000174533">
        </testcase>
        <testcase classname="src/core/test-harness/__tests__/semantic/ui0-precompute-scores.spec-test.ts" name="[UI-0] computeFragility — compound product &gt; churn amplifies: adjustedPain × (1-conf) × (1+churn)" time="0.002560337">
        </testcase>
        <testcase classname="src/core/test-harness/__tests__/semantic/ui0-precompute-scores.spec-test.ts" name="[UI-0] computeAdjustedPain — uncertainty amplification &gt; DOUBLES pain when confidence is 0 (unknown = worst case)" time="0.000276748">
        </testcase>
        <testcase classname="src/core/test-harness/__tests__/semantic/ui0-precompute-scores.spec-test.ts" name="[UI-0] computeAdjustedPain — uncertainty amplification &gt; returns face value when confidence is 1 (known = trust it)" time="0.000164938">
        </testcase>
        <testcase classname="src/core/test-harness/__tests__/semantic/ui0-precompute-scores.spec-test.ts" name="[UI-0] computeAdjustedPain — uncertainty amplification &gt; amplifies by 1.5× at 50% confidence" time="0.000222321">
        </testcase>
        <testcase classname="src/core/test-harness/__tests__/semantic/ui0-precompute-scores.spec-test.ts" name="[UI-0] computeAdjustedPain — uncertainty amplification &gt; never reduces below painScore" time="0.000518498">
        </testcase>
        <testcase classname="src/core/test-harness/__tests__/semantic/ui0-precompute-scores.spec-test.ts" name="[UI-0] normalize &gt; returns 0 when max is 0" time="0.000198408">
        </testcase>
        <testcase classname="src/core/test-harness/__tests__/semantic/ui0-precompute-scores.spec-test.ts" name="[UI-0] normalize &gt; returns 1 when value equals max" time="0.000143671">
        </testcase>
        <testcase classname="src/core/test-harness/__tests__/semantic/ui0-precompute-scores.spec-test.ts" name="[UI-0] normalize &gt; returns correct ratio" time="0.000126117">
        </testcase>
        <testcase classname="src/core/test-harness/__tests__/semantic/ui0-precompute-scores.spec-test.ts" name="[UI-0] normalize &gt; returns 0 when value is 0" time="0.000120795">
        </testcase>
        <testcase classname="src/core/test-harness/__tests__/semantic/ui0-precompute-scores.spec-test.ts" name="[UI-0] computeSourceFileScores &gt; computes all properties with corrected formulas" time="0.000583893">
        </testcase>
        <testcase classname="src/core/test-harness/__tests__/semantic/ui0-precompute-scores.spec-test.ts" name="[UI-0] computeSourceFileScores &gt; handles file with no functions" time="0.000366477">
        </testcase>
        <testcase classname="src/core/test-harness/__tests__/semantic/ui0-precompute-scores.spec-test.ts" name="[UI-0] computeSourceFileScores &gt; full confidence: adjustedPain = painScore, fragility = 0" time="0.000254435">
        </testcase>
    </testsuite>
    <testsuite name="src/core/test-harness/__tests__/semantic/verification-capture.test.ts" timestamp="2026-03-19T19:16:47.737Z" hostname="LAPTOP-MKMEMDEH" tests="4" failures="0" errors="0" skipped="0" time="2.17540204">
        <testcase classname="src/core/test-harness/__tests__/semantic/verification-capture.test.ts" name="N4: Verification Capture Chain &gt; verification run links to all artifacts" time="0.215423735">
        </testcase>
        <testcase classname="src/core/test-harness/__tests__/semantic/verification-capture.test.ts" name="N4: Verification Capture Chain &gt; missing gate decision is detectable" time="0.146954764">
        </testcase>
        <testcase classname="src/core/test-harness/__tests__/semantic/verification-capture.test.ts" name="N4: Verification Capture Chain &gt; replay: verification fixture deterministic" time="1.081505055">
        </testcase>
        <testcase classname="src/core/test-harness/__tests__/semantic/verification-capture.test.ts" name="N4: Verification Capture Chain &gt; idempotent: capture queries stable" time="0.728425075">
        </testcase>
    </testsuite>
    <testsuite name="src/core/test-harness/__tests__/semantic/view-typing.test.ts" timestamp="2026-03-19T19:16:47.738Z" hostname="LAPTOP-MKMEMDEH" tests="37" failures="0" errors="0" skipped="0" time="0.0323357">
        <testcase classname="src/core/test-harness/__tests__/semantic/view-typing.test.ts" name="RF-1: Four-View Structural Separation &gt; VerificationView enum &gt; defines exactly four views" time="0.004870686">
        </testcase>
        <testcase classname="src/core/test-harness/__tests__/semantic/view-typing.test.ts" name="RF-1: Four-View Structural Separation &gt; ProvenanceView schema &gt; accepts valid provenance data" time="0.00195285">
        </testcase>
        <testcase classname="src/core/test-harness/__tests__/semantic/view-typing.test.ts" name="RF-1: Four-View Structural Separation &gt; ProvenanceView schema &gt; requires sourceKind" time="0.001148303">
        </testcase>
        <testcase classname="src/core/test-harness/__tests__/semantic/view-typing.test.ts" name="RF-1: Four-View Structural Separation &gt; ProvenanceView schema &gt; rejects invalid sourceKind values" time="0.000699628">
        </testcase>
        <testcase classname="src/core/test-harness/__tests__/semantic/view-typing.test.ts" name="RF-1: Four-View Structural Separation &gt; EvidenceView schema &gt; accepts valid evidence data with defaults" time="0.000937793">
        </testcase>
        <testcase classname="src/core/test-harness/__tests__/semantic/view-typing.test.ts" name="RF-1: Four-View Structural Separation &gt; EvidenceView schema &gt; accepts full evidence data" time="0.000988002">
        </testcase>
        <testcase classname="src/core/test-harness/__tests__/semantic/view-typing.test.ts" name="RF-1: Four-View Structural Separation &gt; TrustView schema &gt; accepts valid trust data" time="0.00122171">
        </testcase>
        <testcase classname="src/core/test-harness/__tests__/semantic/view-typing.test.ts" name="RF-1: Four-View Structural Separation &gt; TrustView schema &gt; rejects out-of-range confidence values" time="0.00061525">
        </testcase>
        <testcase classname="src/core/test-harness/__tests__/semantic/view-typing.test.ts" name="RF-1: Four-View Structural Separation &gt; DecisionView schema &gt; accepts valid decision data" time="0.000926011">
        </testcase>
        <testcase classname="src/core/test-harness/__tests__/semantic/view-typing.test.ts" name="RF-1: Four-View Structural Separation &gt; DecisionView schema &gt; rejects invalid gate verdicts" time="0.000667913">
        </testcase>
        <testcase classname="src/core/test-harness/__tests__/semantic/view-typing.test.ts" name="RF-1: Four-View Structural Separation &gt; VIEW_FIELD_REGISTRY &gt; maps every ProvenanceView field to provenance" time="0.000805875">
        </testcase>
        <testcase classname="src/core/test-harness/__tests__/semantic/view-typing.test.ts" name="RF-1: Four-View Structural Separation &gt; VIEW_FIELD_REGISTRY &gt; maps every EvidenceView field to evidence" time="0.001141148">
        </testcase>
        <testcase classname="src/core/test-harness/__tests__/semantic/view-typing.test.ts" name="RF-1: Four-View Structural Separation &gt; VIEW_FIELD_REGISTRY &gt; maps every TrustView field to trust" time="0.000869869">
        </testcase>
        <testcase classname="src/core/test-harness/__tests__/semantic/view-typing.test.ts" name="RF-1: Four-View Structural Separation &gt; VIEW_FIELD_REGISTRY &gt; maps every DecisionView field to decision" time="0.000488096">
        </testcase>
        <testcase classname="src/core/test-harness/__tests__/semantic/view-typing.test.ts" name="RF-1: Four-View Structural Separation &gt; VIEW_FIELD_REGISTRY &gt; has no overlapping fields between views" time="0.000284531">
        </testcase>
        <testcase classname="src/core/test-harness/__tests__/semantic/view-typing.test.ts" name="RF-1: Four-View Structural Separation &gt; CROSS_VIEW_BOUNDARIES &gt; defines exactly 12 boundary rules (all pairs)" time="0.000339065">
        </testcase>
        <testcase classname="src/core/test-harness/__tests__/semantic/view-typing.test.ts" name="RF-1: Four-View Structural Separation &gt; CROSS_VIEW_BOUNDARIES &gt; provenance is readable by all downstream views" time="0.000370829">
        </testcase>
        <testcase classname="src/core/test-harness/__tests__/semantic/view-typing.test.ts" name="RF-1: Four-View Structural Separation &gt; CROSS_VIEW_BOUNDARIES &gt; evidence feeds trust and decision via transform only" time="0.000234893">
        </testcase>
        <testcase classname="src/core/test-harness/__tests__/semantic/view-typing.test.ts" name="RF-1: Four-View Structural Separation &gt; CROSS_VIEW_BOUNDARIES &gt; trust feeds decision via transform only" time="0.000182395">
        </testcase>
        <testcase classname="src/core/test-harness/__tests__/semantic/view-typing.test.ts" name="RF-1: Four-View Structural Separation &gt; CROSS_VIEW_BOUNDARIES &gt; no view can write back to provenance" time="0.000244227">
        </testcase>
        <testcase classname="src/core/test-harness/__tests__/semantic/view-typing.test.ts" name="RF-1: Four-View Structural Separation &gt; CROSS_VIEW_BOUNDARIES &gt; decision is terminal — cannot feed any other view" time="0.000265406">
        </testcase>
        <testcase classname="src/core/test-harness/__tests__/semantic/view-typing.test.ts" name="RF-1: Four-View Structural Separation &gt; isViewFlowAllowed &gt; allows same-view mutations" time="0.000219384">
        </testcase>
        <testcase classname="src/core/test-harness/__tests__/semantic/view-typing.test.ts" name="RF-1: Four-View Structural Separation &gt; isViewFlowAllowed &gt; allows provenance reads by all" time="0.000207103">
        </testcase>
        <testcase classname="src/core/test-harness/__tests__/semantic/view-typing.test.ts" name="RF-1: Four-View Structural Separation &gt; isViewFlowAllowed &gt; blocks prohibited flows" time="0.000200366">
        </testcase>
        <testcase classname="src/core/test-harness/__tests__/semantic/view-typing.test.ts" name="RF-1: Four-View Structural Separation &gt; validateViewMutation &gt; returns no violations for same-view fields" time="0.00030004">
        </testcase>
        <testcase classname="src/core/test-harness/__tests__/semantic/view-typing.test.ts" name="RF-1: Four-View Structural Separation &gt; validateViewMutation &gt; returns violations when trust tries to mutate evidence fields" time="0.000544219">
        </testcase>
        <testcase classname="src/core/test-harness/__tests__/semantic/view-typing.test.ts" name="RF-1: Four-View Structural Separation &gt; validateViewMutation &gt; returns violations when decision tries to mutate provenance" time="0.00029468">
        </testcase>
        <testcase classname="src/core/test-harness/__tests__/semantic/view-typing.test.ts" name="RF-1: Four-View Structural Separation &gt; validateViewMutation &gt; ignores unknown fields (not in registry)" time="0.000332949">
        </testcase>
        <testcase classname="src/core/test-harness/__tests__/semantic/view-typing.test.ts" name="RF-1: Four-View Structural Separation &gt; enforceMutationBoundary &gt; does not throw for valid same-view mutations" time="0.001258058">
        </testcase>
        <testcase classname="src/core/test-harness/__tests__/semantic/view-typing.test.ts" name="RF-1: Four-View Structural Separation &gt; enforceMutationBoundary &gt; throws ViewMutationError for cross-view violations" time="0.000505602">
        </testcase>
        <testcase classname="src/core/test-harness/__tests__/semantic/view-typing.test.ts" name="RF-1: Four-View Structural Separation &gt; enforceMutationBoundary &gt; throws with detailed violation info" time="0.001384088">
        </testcase>
        <testcase classname="src/core/test-harness/__tests__/semantic/view-typing.test.ts" name="RF-1: Four-View Structural Separation &gt; classifyFieldsByView &gt; correctly classifies mixed fields" time="0.00080663">
        </testcase>
        <testcase classname="src/core/test-harness/__tests__/semantic/view-typing.test.ts" name="RF-1: Four-View Structural Separation &gt; executeViewTransform &gt; allows evidence → trust transforms" time="0.000321704">
        </testcase>
        <testcase classname="src/core/test-harness/__tests__/semantic/view-typing.test.ts" name="RF-1: Four-View Structural Separation &gt; executeViewTransform &gt; allows trust → decision transforms" time="0.000237142">
        </testcase>
        <testcase classname="src/core/test-harness/__tests__/semantic/view-typing.test.ts" name="RF-1: Four-View Structural Separation &gt; executeViewTransform &gt; throws for prohibited transforms (decision → trust)" time="0.000252912">
        </testcase>
        <testcase classname="src/core/test-harness/__tests__/semantic/view-typing.test.ts" name="RF-1: Four-View Structural Separation &gt; executeViewTransform &gt; throws for direct_read-only boundaries used as transform (provenance → evidence)" time="0.000397592">
        </testcase>
        <testcase classname="src/core/test-harness/__tests__/semantic/view-typing.test.ts" name="RF-1: Four-View Structural Separation &gt; describeViewBoundaries &gt; produces readable output with all 12 rules" time="0.000613767">
        </testcase>
    </testsuite>
    <testsuite name="src/core/test-harness/__tests__/semantic/waiver-expiry.test.ts" timestamp="2026-03-19T19:16:47.750Z" hostname="LAPTOP-MKMEMDEH" tests="4" failures="0" errors="0" skipped="0" time="2.596655912">
        <testcase classname="src/core/test-harness/__tests__/semantic/waiver-expiry.test.ts" name="N4: Waiver/Expiry Enforcement &gt; active waiver passes enforcement" time="0.650312849">
        </testcase>
        <testcase classname="src/core/test-harness/__tests__/semantic/waiver-expiry.test.ts" name="N4: Waiver/Expiry Enforcement &gt; expired waiver fails enforcement" time="1.057927542">
        </testcase>
        <testcase classname="src/core/test-harness/__tests__/semantic/waiver-expiry.test.ts" name="N4: Waiver/Expiry Enforcement &gt; replay: waiver check deterministic" time="0.639579551">
        </testcase>
        <testcase classname="src/core/test-harness/__tests__/semantic/waiver-expiry.test.ts" name="N4: Waiver/Expiry Enforcement &gt; idempotent: waiver query stable" time="0.245328227">
        </testcase>
    </testsuite>
</testsuites>
